{"/home/manish/projects/node/crownStackTest/src/resources/Order/Order.handler.ts": {"path":"/home/manish/projects/node/crownStackTest/src/resources/Order/Order.handler.ts","statementMap":{"0":{"start":{"line":1,"column":0},"end":{"line":1,"column":45}},"1":{"start":{"line":2,"column":0},"end":{"line":2,"column":47}},"2":{"start":{"line":3,"column":0},"end":{"line":3,"column":60}},"3":{"start":{"line":4,"column":0},"end":{"line":4,"column":48}},"4":{"start":{"line":5,"column":0},"end":{"line":5,"column":66}},"5":{"start":{"line":6,"column":0},"end":{"line":6,"column":64}},"6":{"start":{"line":12,"column":8},"end":{"line":43,"column":null}},"7":{"start":{"line":13,"column":29},"end":{"line":13,"column":89}},"8":{"start":{"line":17,"column":12},"end":{"line":19,"column":null}},"9":{"start":{"line":18,"column":16},"end":{"line":18,"column":116}},"10":{"start":{"line":18,"column":70},"end":{"line":18,"column":102}},"11":{"start":{"line":20,"column":26},"end":{"line":20,"column":40}},"12":{"start":{"line":21,"column":44},"end":{"line":21,"column":107}},"13":{"start":{"line":22,"column":12},"end":{"line":24,"column":null}},"14":{"start":{"line":23,"column":16},"end":{"line":23,"column":null}},"15":{"start":{"line":25,"column":12},"end":{"line":25,"column":63}},"16":{"start":{"line":26,"column":12},"end":{"line":33,"column":null}},"17":{"start":{"line":27,"column":16},"end":{"line":27,"column":null}},"18":{"start":{"line":28,"column":16},"end":{"line":28,"column":null}},"19":{"start":{"line":29,"column":16},"end":{"line":29,"column":null}},"20":{"start":{"line":31,"column":16},"end":{"line":31,"column":null}},"21":{"start":{"line":31,"column":67},"end":{"line":31,"column":116}},"22":{"start":{"line":32,"column":16},"end":{"line":32,"column":null}},"23":{"start":{"line":37,"column":16},"end":{"line":37,"column":95}},"24":{"start":{"line":38,"column":16},"end":{"line":38,"column":null}},"25":{"start":{"line":40,"column":12},"end":{"line":40,"column":74}},"26":{"start":{"line":42,"column":12},"end":{"line":42,"column":25}},"27":{"start":{"line":47,"column":8},"end":{"line":55,"column":null}},"28":{"start":{"line":48,"column":31},"end":{"line":48,"column":73}},"29":{"start":{"line":49,"column":12},"end":{"line":51,"column":null}},"30":{"start":{"line":50,"column":16},"end":{"line":50,"column":null}},"31":{"start":{"line":52,"column":12},"end":{"line":52,"column":null}},"32":{"start":{"line":54,"column":12},"end":{"line":54,"column":21}},"33":{"start":{"line":59,"column":8},"end":{"line":84,"column":null}},"34":{"start":{"line":60,"column":37},"end":{"line":60,"column":41}},"35":{"start":{"line":61,"column":16},"end":{"line":80,"column":19}},"36":{"start":{"line":81,"column":12},"end":{"line":81,"column":null}},"37":{"start":{"line":83,"column":12},"end":{"line":83,"column":21}},"38":{"start":{"line":88,"column":8},"end":{"line":122,"column":null}},"39":{"start":{"line":89,"column":35},"end":{"line":89,"column":36}},"40":{"start":{"line":90,"column":38},"end":{"line":90,"column":39}},"41":{"start":{"line":91,"column":12},"end":{"line":111,"column":null}},"42":{"start":{"line":92,"column":16},"end":{"line":92,"column":null}},"43":{"start":{"line":93,"column":16},"end":{"line":98,"column":null}},"44":{"start":{"line":99,"column":16},"end":{"line":99,"column":40}},"45":{"start":{"line":100,"column":18},"end":{"line":111,"column":null}},"46":{"start":{"line":101,"column":16},"end":{"line":101,"column":null}},"47":{"start":{"line":102,"column":16},"end":{"line":102,"column":76}},"48":{"start":{"line":103,"column":16},"end":{"line":110,"column":19}},"49":{"start":{"line":112,"column":12},"end":{"line":119,"column":null}},"50":{"start":{"line":121,"column":12},"end":{"line":121,"column":25}},"51":{"start":{"line":9,"column":0},"end":{"line":9,"column":13}}},"fnMap":{"0":{"name":"(anonymous_8)","decl":{"start":{"line":11,"column":4},"end":{"line":11,"column":10}},"loc":{"start":{"line":11,"column":52},"end":{"line":44,"column":null}}},"1":{"name":"(anonymous_10)","decl":{"start":{"line":18,"column":59},"end":{"line":18,"column":60}},"loc":{"start":{"line":18,"column":70},"end":{"line":18,"column":102}}},"2":{"name":"(anonymous_11)","decl":{"start":{"line":31,"column":57},"end":{"line":31,"column":58}},"loc":{"start":{"line":31,"column":67},"end":{"line":31,"column":116}}},"3":{"name":"(anonymous_12)","decl":{"start":{"line":46,"column":4},"end":{"line":46,"column":10}},"loc":{"start":{"line":46,"column":36},"end":{"line":56,"column":null}}},"4":{"name":"(anonymous_14)","decl":{"start":{"line":58,"column":4},"end":{"line":58,"column":10}},"loc":{"start":{"line":58,"column":47},"end":{"line":85,"column":null}}},"5":{"name":"(anonymous_16)","decl":{"start":{"line":87,"column":4},"end":{"line":87,"column":10}},"loc":{"start":{"line":87,"column":102},"end":{"line":123,"column":null}}}},"branchMap":{"0":{"loc":{"start":{"line":17,"column":12},"end":{"line":19,"column":null}},"type":"if","locations":[{"start":{"line":17,"column":12},"end":{"line":19,"column":null}},{"start":{"line":17,"column":12},"end":{"line":19,"column":null}}]},"1":{"loc":{"start":{"line":22,"column":12},"end":{"line":24,"column":null}},"type":"if","locations":[{"start":{"line":22,"column":12},"end":{"line":24,"column":null}},{"start":{"line":22,"column":12},"end":{"line":24,"column":null}}]},"2":{"loc":{"start":{"line":26,"column":12},"end":{"line":33,"column":null}},"type":"if","locations":[{"start":{"line":26,"column":12},"end":{"line":33,"column":null}},{"start":{"line":26,"column":12},"end":{"line":33,"column":null}}]},"3":{"loc":{"start":{"line":32,"column":54},"end":{"line":32,"column":62}},"type":"cond-expr","locations":[{"start":{"line":32,"column":54},"end":{"line":32,"column":62}},{"start":{"line":32,"column":65},"end":{"line":32,"column":73}}]},"4":{"loc":{"start":{"line":49,"column":12},"end":{"line":51,"column":null}},"type":"if","locations":[{"start":{"line":49,"column":12},"end":{"line":51,"column":null}},{"start":{"line":49,"column":12},"end":{"line":51,"column":null}}]},"5":{"loc":{"start":{"line":91,"column":12},"end":{"line":111,"column":null}},"type":"if","locations":[{"start":{"line":91,"column":12},"end":{"line":111,"column":null}},{"start":{"line":91,"column":12},"end":{"line":111,"column":null}}]},"6":{"loc":{"start":{"line":100,"column":18},"end":{"line":111,"column":null}},"type":"if","locations":[{"start":{"line":100,"column":18},"end":{"line":111,"column":null}},{"start":{"line":100,"column":18},"end":{"line":111,"column":null}}]}},"s":{"0":4,"1":4,"2":4,"3":4,"4":4,"5":4,"6":6,"7":6,"8":6,"9":1,"10":2,"11":5,"12":5,"13":5,"14":1,"15":4,"16":4,"17":1,"18":1,"19":1,"20":3,"21":5,"22":3,"23":4,"24":4,"25":4,"26":2,"27":3,"28":3,"29":2,"30":1,"31":1,"32":1,"33":3,"34":3,"35":3,"36":2,"37":1,"38":5,"39":5,"40":5,"41":5,"42":1,"43":1,"44":1,"45":4,"46":3,"47":3,"48":3,"49":4,"50":2,"51":4},"f":{"0":6,"1":2,"2":5,"3":3,"4":3,"5":5},"b":{"0":[1,5],"1":[1,4],"2":[1,3],"3":[2,1],"4":[1,1],"5":[1,4],"6":[3,1]}}
,"/home/manish/projects/node/crownStackTest/src/resources/Order/Order.validator.ts": {"path":"/home/manish/projects/node/crownStackTest/src/resources/Order/Order.validator.ts","statementMap":{"0":{"start":{"line":1,"column":0},"end":{"line":1,"column":33}},"1":{"start":{"line":4,"column":4},"end":{"line":4,"column":32}},"2":{"start":{"line":5,"column":4},"end":{"line":5,"column":39}},"3":{"start":{"line":6,"column":4},"end":{"line":6,"column":32}},"4":{"start":{"line":7,"column":4},"end":{"line":7,"column":34}},"5":{"start":{"line":9,"column":4},"end":{"line":17,"column":7}},"6":{"start":{"line":20,"column":0},"end":{"line":20,"column":35}}},"fnMap":{"0":{"name":"(anonymous_1)","decl":{"start":{"line":3,"column":0},"end":{"line":3,"column":6}},"loc":{"start":{"line":3,"column":0},"end":{"line":18,"column":1}}}},"branchMap":{},"s":{"0":4,"1":4,"2":4,"3":4,"4":4,"5":4,"6":4},"f":{"0":4},"b":{}}
,"/home/manish/projects/node/crownStackTest/src/resources/Order/OrderStatus.enum.ts": {"path":"/home/manish/projects/node/crownStackTest/src/resources/Order/OrderStatus.enum.ts","statementMap":{"0":{"start":{"line":1,"column":0},"end":{"line":1,"column":null}},"1":{"start":{"line":2,"column":4},"end":{"line":2,"column":null}},"2":{"start":{"line":3,"column":4},"end":{"line":3,"column":null}},"3":{"start":{"line":4,"column":4},"end":{"line":4,"column":null}},"4":{"start":{"line":5,"column":4},"end":{"line":5,"column":null}}},"fnMap":{"0":{"name":"(anonymous_0)","decl":{"start":{"line":1,"column":0},"end":{"line":1,"column":12}},"loc":{"start":{"line":1,"column":23},"end":{"line":6,"column":3}}}},"branchMap":{"0":{"loc":{"start":{"line":1,"column":12},"end":{"line":1,"column":23}},"type":"binary-expr","locations":[{"start":{"line":1,"column":12},"end":{"line":1,"column":23}},{"start":{"line":1,"column":12},"end":{"line":1,"column":null}}]}},"s":{"0":9,"1":9,"2":9,"3":9,"4":9},"f":{"0":9},"b":{"0":[9,9]}}
,"/home/manish/projects/node/crownStackTest/src/resources/Product/Product.handler.ts": {"path":"/home/manish/projects/node/crownStackTest/src/resources/Product/Product.handler.ts","statementMap":{"0":{"start":{"line":1,"column":0},"end":{"line":1,"column":45}},"1":{"start":{"line":2,"column":0},"end":{"line":2,"column":51}},"2":{"start":{"line":3,"column":0},"end":{"line":3,"column":64}},"3":{"start":{"line":8,"column":8},"end":{"line":21,"column":null}},"4":{"start":{"line":9,"column":29},"end":{"line":9,"column":91}},"5":{"start":{"line":11,"column":12},"end":{"line":13,"column":null}},"6":{"start":{"line":12,"column":16},"end":{"line":12,"column":116}},"7":{"start":{"line":12,"column":70},"end":{"line":12,"column":102}},"8":{"start":{"line":14,"column":26},"end":{"line":14,"column":40}},"9":{"start":{"line":16,"column":12},"end":{"line":16,"column":null}},"10":{"start":{"line":18,"column":12},"end":{"line":18,"column":61}},"11":{"start":{"line":20,"column":12},"end":{"line":20,"column":25}},"12":{"start":{"line":26,"column":8},"end":{"line":37,"column":null}},"13":{"start":{"line":27,"column":27},"end":{"line":27,"column":63}},"14":{"start":{"line":28,"column":34},"end":{"line":32,"column":14}},"15":{"start":{"line":33,"column":26},"end":{"line":33,"column":49}},"16":{"start":{"line":34,"column":12},"end":{"line":34,"column":null}},"17":{"start":{"line":36,"column":12},"end":{"line":36,"column":25}},"18":{"start":{"line":5,"column":0},"end":{"line":5,"column":13}}},"fnMap":{"0":{"name":"(anonymous_8)","decl":{"start":{"line":7,"column":4},"end":{"line":7,"column":10}},"loc":{"start":{"line":7,"column":33},"end":{"line":22,"column":null}}},"1":{"name":"(anonymous_10)","decl":{"start":{"line":12,"column":59},"end":{"line":12,"column":60}},"loc":{"start":{"line":12,"column":70},"end":{"line":12,"column":102}}},"2":{"name":"(anonymous_11)","decl":{"start":{"line":25,"column":4},"end":{"line":25,"column":10}},"loc":{"start":{"line":25,"column":44},"end":{"line":38,"column":null}}}},"branchMap":{"0":{"loc":{"start":{"line":11,"column":12},"end":{"line":13,"column":null}},"type":"if","locations":[{"start":{"line":11,"column":12},"end":{"line":13,"column":null}},{"start":{"line":11,"column":12},"end":{"line":13,"column":null}}]},"1":{"loc":{"start":{"line":25,"column":30},"end":{"line":25,"column":34}},"type":"default-arg","locations":[{"start":{"line":25,"column":30},"end":{"line":25,"column":34}}]},"2":{"loc":{"start":{"line":25,"column":41},"end":{"line":25,"column":44}},"type":"default-arg","locations":[{"start":{"line":25,"column":41},"end":{"line":25,"column":44}}]}},"s":{"0":2,"1":2,"2":2,"3":3,"4":3,"5":3,"6":1,"7":3,"8":2,"9":2,"10":1,"11":2,"12":3,"13":3,"14":3,"15":2,"16":2,"17":1,"18":2},"f":{"0":3,"1":3,"2":3},"b":{"0":[1,2],"1":[1],"2":[1]}}
,"/home/manish/projects/node/crownStackTest/src/resources/Product/Product.validator.ts": {"path":"/home/manish/projects/node/crownStackTest/src/resources/Product/Product.validator.ts","statementMap":{"0":{"start":{"line":1,"column":0},"end":{"line":1,"column":33}},"1":{"start":{"line":4,"column":4},"end":{"line":4,"column":32}},"2":{"start":{"line":5,"column":4},"end":{"line":5,"column":32}},"3":{"start":{"line":7,"column":4},"end":{"line":26,"column":7}},"4":{"start":{"line":29,"column":0},"end":{"line":29,"column":38}}},"fnMap":{"0":{"name":"(anonymous_1)","decl":{"start":{"line":3,"column":0},"end":{"line":3,"column":6}},"loc":{"start":{"line":3,"column":0},"end":{"line":27,"column":1}}}},"branchMap":{},"s":{"0":2,"1":2,"2":2,"3":2,"4":2},"f":{"0":2},"b":{}}
,"/home/manish/projects/node/crownStackTest/src/resources/User/User.handler.ts": {"path":"/home/manish/projects/node/crownStackTest/src/resources/User/User.handler.ts","statementMap":{"0":{"start":{"line":1,"column":0},"end":{"line":1,"column":45}},"1":{"start":{"line":2,"column":0},"end":{"line":2,"column":58}},"2":{"start":{"line":3,"column":0},"end":{"line":3,"column":61}},"3":{"start":{"line":4,"column":0},"end":{"line":4,"column":58}},"4":{"start":{"line":5,"column":0},"end":{"line":5,"column":45}},"5":{"start":{"line":6,"column":0},"end":{"line":6,"column":28}},"6":{"start":{"line":12,"column":8},"end":{"line":40,"column":null}},"7":{"start":{"line":13,"column":29},"end":{"line":13,"column":88}},"8":{"start":{"line":14,"column":12},"end":{"line":16,"column":null}},"9":{"start":{"line":15,"column":16},"end":{"line":15,"column":116}},"10":{"start":{"line":15,"column":70},"end":{"line":15,"column":102}},"11":{"start":{"line":17,"column":26},"end":{"line":17,"column":40}},"12":{"start":{"line":18,"column":46},"end":{"line":18,"column":99}},"13":{"start":{"line":20,"column":12},"end":{"line":22,"column":null}},"14":{"start":{"line":21,"column":16},"end":{"line":21,"column":54}},"15":{"start":{"line":25,"column":25},"end":{"line":25,"column":66}},"16":{"start":{"line":29,"column":16},"end":{"line":34,"column":19}},"17":{"start":{"line":37,"column":12},"end":{"line":37,"column":55}},"18":{"start":{"line":39,"column":12},"end":{"line":39,"column":25}},"19":{"start":{"line":44,"column":8},"end":{"line":72,"column":null}},"20":{"start":{"line":45,"column":29},"end":{"line":45,"column":87}},"21":{"start":{"line":47,"column":12},"end":{"line":49,"column":null}},"22":{"start":{"line":48,"column":16},"end":{"line":48,"column":116}},"23":{"start":{"line":48,"column":70},"end":{"line":48,"column":102}},"24":{"start":{"line":50,"column":26},"end":{"line":50,"column":40}},"25":{"start":{"line":51,"column":38},"end":{"line":59,"column":14}},"26":{"start":{"line":60,"column":12},"end":{"line":62,"column":null}},"27":{"start":{"line":61,"column":16},"end":{"line":61,"column":69}},"28":{"start":{"line":63,"column":31},"end":{"line":63,"column":86}},"29":{"start":{"line":65,"column":12},"end":{"line":67,"column":null}},"30":{"start":{"line":66,"column":16},"end":{"line":66,"column":84}},"31":{"start":{"line":68,"column":26},"end":{"line":68,"column":63}},"32":{"start":{"line":69,"column":12},"end":{"line":69,"column":null}},"33":{"start":{"line":71,"column":12},"end":{"line":71,"column":21}},"34":{"start":{"line":9,"column":0},"end":{"line":9,"column":13}}},"fnMap":{"0":{"name":"(anonymous_8)","decl":{"start":{"line":11,"column":4},"end":{"line":11,"column":10}},"loc":{"start":{"line":11,"column":33},"end":{"line":41,"column":null}}},"1":{"name":"(anonymous_10)","decl":{"start":{"line":15,"column":59},"end":{"line":15,"column":60}},"loc":{"start":{"line":15,"column":70},"end":{"line":15,"column":102}}},"2":{"name":"(anonymous_11)","decl":{"start":{"line":43,"column":4},"end":{"line":43,"column":10}},"loc":{"start":{"line":43,"column":49},"end":{"line":73,"column":null}}},"3":{"name":"(anonymous_13)","decl":{"start":{"line":48,"column":59},"end":{"line":48,"column":60}},"loc":{"start":{"line":48,"column":70},"end":{"line":48,"column":102}}}},"branchMap":{"0":{"loc":{"start":{"line":14,"column":12},"end":{"line":16,"column":null}},"type":"if","locations":[{"start":{"line":14,"column":12},"end":{"line":16,"column":null}},{"start":{"line":14,"column":12},"end":{"line":16,"column":null}}]},"1":{"loc":{"start":{"line":20,"column":12},"end":{"line":22,"column":null}},"type":"if","locations":[{"start":{"line":20,"column":12},"end":{"line":22,"column":null}},{"start":{"line":20,"column":12},"end":{"line":22,"column":null}}]},"2":{"loc":{"start":{"line":47,"column":12},"end":{"line":49,"column":null}},"type":"if","locations":[{"start":{"line":47,"column":12},"end":{"line":49,"column":null}},{"start":{"line":47,"column":12},"end":{"line":49,"column":null}}]},"3":{"loc":{"start":{"line":60,"column":12},"end":{"line":62,"column":null}},"type":"if","locations":[{"start":{"line":60,"column":12},"end":{"line":62,"column":null}},{"start":{"line":60,"column":12},"end":{"line":62,"column":null}}]},"4":{"loc":{"start":{"line":65,"column":12},"end":{"line":67,"column":null}},"type":"if","locations":[{"start":{"line":65,"column":12},"end":{"line":67,"column":null}},{"start":{"line":65,"column":12},"end":{"line":67,"column":null}}]}},"s":{"0":2,"1":2,"2":2,"3":2,"4":2,"5":2,"6":7,"7":7,"8":7,"9":3,"10":3,"11":4,"12":4,"13":3,"14":1,"15":2,"16":2,"17":1,"18":6,"19":6,"20":6,"21":6,"22":2,"23":2,"24":4,"25":4,"26":3,"27":1,"28":2,"29":2,"30":1,"31":1,"32":1,"33":5,"34":2},"f":{"0":7,"1":3,"2":6,"3":2},"b":{"0":[3,4],"1":[1,2],"2":[2,4],"3":[1,2],"4":[1,1]}}
,"/home/manish/projects/node/crownStackTest/src/resources/User/User.validator.ts": {"path":"/home/manish/projects/node/crownStackTest/src/resources/User/User.validator.ts","statementMap":{"0":{"start":{"line":1,"column":0},"end":{"line":1,"column":33}},"1":{"start":{"line":4,"column":4},"end":{"line":4,"column":32}},"2":{"start":{"line":5,"column":4},"end":{"line":5,"column":39}},"3":{"start":{"line":6,"column":4},"end":{"line":6,"column":32}},"4":{"start":{"line":7,"column":4},"end":{"line":7,"column":34}},"5":{"start":{"line":9,"column":4},"end":{"line":15,"column":7}},"6":{"start":{"line":17,"column":4},"end":{"line":20,"column":7}},"7":{"start":{"line":23,"column":0},"end":{"line":23,"column":35}}},"fnMap":{"0":{"name":"(anonymous_1)","decl":{"start":{"line":3,"column":0},"end":{"line":3,"column":6}},"loc":{"start":{"line":3,"column":0},"end":{"line":21,"column":1}}}},"branchMap":{},"s":{"0":2,"1":2,"2":2,"3":2,"4":2,"5":2,"6":2,"7":2},"f":{"0":2},"b":{}}
,"/home/manish/projects/node/crownStackTest/src/utility/db/BaseModel.ts": {"path":"/home/manish/projects/node/crownStackTest/src/utility/db/BaseModel.ts","statementMap":{"0":{"start":{"line":1,"column":0},"end":{"line":1,"column":83}},"1":{"start":{"line":4,"column":13},"end":{"line":4,"column":30}},"2":{"start":{"line":11,"column":4},"end":{"line":11,"column":null}},"3":{"start":{"line":15,"column":4},"end":{"line":15,"column":null}},"4":{"start":{"line":6,"column":0},"end":{"line":6,"column":22}}},"fnMap":{},"branchMap":{},"s":{"0":8,"1":8,"2":8,"3":8,"4":8},"f":{},"b":{}}
,"/home/manish/projects/node/crownStackTest/src/utility/db/SequlizeConnection.ts": {"path":"/home/manish/projects/node/crownStackTest/src/utility/db/SequlizeConnection.ts","statementMap":{"0":{"start":{"line":1,"column":0},"end":{"line":1,"column":49}},"1":{"start":{"line":2,"column":0},"end":{"line":2,"column":33}},"2":{"start":{"line":3,"column":0},"end":{"line":3,"column":43}},"3":{"start":{"line":4,"column":0},"end":{"line":4,"column":51}},"4":{"start":{"line":5,"column":0},"end":{"line":5,"column":43}},"5":{"start":{"line":6,"column":0},"end":{"line":6,"column":60}},"6":{"start":{"line":7,"column":0},"end":{"line":7,"column":49}},"7":{"start":{"line":8,"column":0},"end":{"line":8,"column":45}},"8":{"start":{"line":9,"column":0},"end":{"line":9,"column":51}},"9":{"start":{"line":19,"column":4},"end":{"line":40,"column":7}},"10":{"start":{"line":43,"column":4},"end":{"line":47,"column":7}},"11":{"start":{"line":43,"column":61},"end":{"line":47,"column":6}},"12":{"start":{"line":44,"column":6},"end":{"line":44,"column":44}},"13":{"start":{"line":45,"column":6},"end":{"line":45,"column":37}},"14":{"start":{"line":46,"column":6},"end":{"line":46,"column":38}},"15":{"start":{"line":11,"column":0},"end":{"line":11,"column":21}},"16":{"start":{"line":13,"column":16},"end":{"line":13,"column":43}},"17":{"start":{"line":14,"column":16},"end":{"line":14,"column":42}},"18":{"start":{"line":15,"column":16},"end":{"line":15,"column":34}},"19":{"start":{"line":16,"column":16},"end":{"line":16,"column":33}}},"fnMap":{"0":{"name":"(anonymous_8)","decl":{"start":{"line":18,"column":9},"end":{"line":18,"column":15}},"loc":{"start":{"line":18,"column":32},"end":{"line":48,"column":3}}},"1":{"name":"(anonymous_9)","decl":{"start":{"line":43,"column":49},"end":{"line":43,"column":55}},"loc":{"start":{"line":43,"column":61},"end":{"line":47,"column":6}}},"2":{"name":"(anonymous_10)","decl":{"start":{"line":43,"column":61},"end":{"line":43,"column":null}},"loc":{"start":{"line":43,"column":61},"end":{"line":47,"column":5}}}},"branchMap":{},"s":{"0":6,"1":6,"2":6,"3":6,"4":6,"5":6,"6":6,"7":6,"8":6,"9":1,"10":1,"11":0,"12":0,"13":0,"14":0,"15":6,"16":6,"17":6,"18":6,"19":6},"f":{"0":1,"1":0,"2":0},"b":{}}
,"/home/manish/projects/node/crownStackTest/src/utility/db/index.ts": {"path":"/home/manish/projects/node/crownStackTest/src/utility/db/index.ts","statementMap":{"0":{"start":{"line":1,"column":0},"end":{"line":1,"column":28}}},"fnMap":{},"branchMap":{},"s":{"0":8},"f":{},"b":{}}
,"/home/manish/projects/node/crownStackTest/src/utility/db/models/lineItem.model.ts": {"path":"/home/manish/projects/node/crownStackTest/src/utility/db/models/lineItem.model.ts","statementMap":{"0":{"start":{"line":1,"column":0},"end":{"line":1,"column":173}},"1":{"start":{"line":2,"column":0},"end":{"line":2,"column":42}},"2":{"start":{"line":3,"column":0},"end":{"line":3,"column":38}},"3":{"start":{"line":6,"column":0},"end":{"line":74,"column":null}},"4":{"start":{"line":11,"column":2},"end":{"line":11,"column":null}},"5":{"start":{"line":15,"column":2},"end":{"line":15,"column":null}},"6":{"start":{"line":13,"column":20},"end":{"line":13,"column":27}},"7":{"start":{"line":19,"column":2},"end":{"line":19,"column":null}},"8":{"start":{"line":17,"column":20},"end":{"line":17,"column":25}},"9":{"start":{"line":22,"column":2},"end":{"line":22,"column":null}},"10":{"start":{"line":25,"column":2},"end":{"line":25,"column":null}},"11":{"start":{"line":28,"column":2},"end":{"line":28,"column":null}},"12":{"start":{"line":27,"column":19},"end":{"line":27,"column":26}},"13":{"start":{"line":31,"column":2},"end":{"line":31,"column":null}},"14":{"start":{"line":30,"column":19},"end":{"line":30,"column":24}},"15":{"start":{"line":6,"column":13},"end":{"line":74,"column":null}},"16":{"start":{"line":6,"column":13},"end":{"line":6,"column":21}}},"fnMap":{"0":{"name":"(anonymous_2)","decl":{"start":{"line":13,"column":14},"end":{"line":13,"column":17}},"loc":{"start":{"line":13,"column":20},"end":{"line":13,"column":27}}},"1":{"name":"(anonymous_3)","decl":{"start":{"line":17,"column":14},"end":{"line":17,"column":17}},"loc":{"start":{"line":17,"column":20},"end":{"line":17,"column":25}}},"2":{"name":"(anonymous_4)","decl":{"start":{"line":27,"column":13},"end":{"line":27,"column":16}},"loc":{"start":{"line":27,"column":19},"end":{"line":27,"column":26}}},"3":{"name":"(anonymous_5)","decl":{"start":{"line":30,"column":13},"end":{"line":30,"column":16}},"loc":{"start":{"line":30,"column":19},"end":{"line":30,"column":24}}}},"branchMap":{},"s":{"0":9,"1":9,"2":9,"3":9,"4":9,"5":9,"6":5,"7":9,"8":2,"9":9,"10":9,"11":9,"12":2,"13":9,"14":2,"15":9,"16":9},"f":{"0":5,"1":2,"2":2,"3":2},"b":{}}
,"/home/manish/projects/node/crownStackTest/src/utility/db/models/order.model.ts": {"path":"/home/manish/projects/node/crownStackTest/src/utility/db/models/order.model.ts","statementMap":{"0":{"start":{"line":1,"column":0},"end":{"line":1,"column":182}},"1":{"start":{"line":2,"column":0},"end":{"line":2,"column":36}},"2":{"start":{"line":3,"column":0},"end":{"line":3,"column":44}},"3":{"start":{"line":4,"column":0},"end":{"line":4,"column":71}},"4":{"start":{"line":7,"column":0},"end":{"line":31,"column":null}},"5":{"start":{"line":12,"column":2},"end":{"line":12,"column":null}},"6":{"start":{"line":16,"column":2},"end":{"line":16,"column":null}},"7":{"start":{"line":14,"column":20},"end":{"line":14,"column":24}},"8":{"start":{"line":20,"column":2},"end":{"line":20,"column":null}},"9":{"start":{"line":24,"column":2},"end":{"line":24,"column":null}},"10":{"start":{"line":27,"column":2},"end":{"line":27,"column":null}},"11":{"start":{"line":26,"column":17},"end":{"line":26,"column":25}},"12":{"start":{"line":30,"column":2},"end":{"line":30,"column":null}},"13":{"start":{"line":29,"column":19},"end":{"line":29,"column":23}},"14":{"start":{"line":7,"column":13},"end":{"line":31,"column":null}},"15":{"start":{"line":7,"column":13},"end":{"line":7,"column":18}}},"fnMap":{"0":{"name":"(anonymous_2)","decl":{"start":{"line":14,"column":14},"end":{"line":14,"column":17}},"loc":{"start":{"line":14,"column":20},"end":{"line":14,"column":24}}},"1":{"name":"(anonymous_3)","decl":{"start":{"line":26,"column":11},"end":{"line":26,"column":14}},"loc":{"start":{"line":26,"column":17},"end":{"line":26,"column":25}}},"2":{"name":"(anonymous_4)","decl":{"start":{"line":29,"column":13},"end":{"line":29,"column":16}},"loc":{"start":{"line":29,"column":19},"end":{"line":29,"column":23}}}},"branchMap":{},"s":{"0":9,"1":9,"2":9,"3":9,"4":9,"5":9,"6":9,"7":2,"8":9,"9":9,"10":9,"11":2,"12":9,"13":2,"14":9,"15":9},"f":{"0":2,"1":2,"2":2},"b":{}}
,"/home/manish/projects/node/crownStackTest/src/utility/db/models/product.model.ts": {"path":"/home/manish/projects/node/crownStackTest/src/utility/db/models/product.model.ts","statementMap":{"0":{"start":{"line":1,"column":0},"end":{"line":1,"column":104}},"1":{"start":{"line":4,"column":0},"end":{"line":26,"column":null}},"2":{"start":{"line":9,"column":2},"end":{"line":9,"column":null}},"3":{"start":{"line":12,"column":2},"end":{"line":12,"column":null}},"4":{"start":{"line":15,"column":2},"end":{"line":15,"column":null}},"5":{"start":{"line":18,"column":2},"end":{"line":18,"column":null}},"6":{"start":{"line":21,"column":2},"end":{"line":21,"column":null}},"7":{"start":{"line":25,"column":2},"end":{"line":25,"column":null}},"8":{"start":{"line":4,"column":13},"end":{"line":26,"column":null}},"9":{"start":{"line":4,"column":13},"end":{"line":4,"column":20}}},"fnMap":{},"branchMap":{},"s":{"0":11,"1":11,"2":11,"3":11,"4":11,"5":11,"6":11,"7":11,"8":11,"9":11},"f":{},"b":{}}
,"/home/manish/projects/node/crownStackTest/src/utility/db/models/role.model.ts": {"path":"/home/manish/projects/node/crownStackTest/src/utility/db/models/role.model.ts","statementMap":{"0":{"start":{"line":1,"column":0},"end":{"line":1,"column":110}},"1":{"start":{"line":2,"column":0},"end":{"line":2,"column":36}},"2":{"start":{"line":3,"column":0},"end":{"line":3,"column":44}},"3":{"start":{"line":6,"column":0},"end":{"line":19,"column":null}},"4":{"start":{"line":11,"column":2},"end":{"line":11,"column":null}},"5":{"start":{"line":14,"column":2},"end":{"line":14,"column":null}},"6":{"start":{"line":17,"column":2},"end":{"line":17,"column":null}},"7":{"start":{"line":16,"column":23},"end":{"line":16,"column":27}},"8":{"start":{"line":16,"column":35},"end":{"line":16,"column":43}},"9":{"start":{"line":6,"column":13},"end":{"line":19,"column":null}},"10":{"start":{"line":6,"column":13},"end":{"line":6,"column":17}}},"fnMap":{"0":{"name":"(anonymous_2)","decl":{"start":{"line":16,"column":17},"end":{"line":16,"column":20}},"loc":{"start":{"line":16,"column":23},"end":{"line":16,"column":27}}},"1":{"name":"(anonymous_3)","decl":{"start":{"line":16,"column":29},"end":{"line":16,"column":32}},"loc":{"start":{"line":16,"column":35},"end":{"line":16,"column":43}}}},"branchMap":{},"s":{"0":9,"1":9,"2":9,"3":9,"4":9,"5":9,"6":9,"7":2,"8":1,"9":9,"10":9},"f":{"0":2,"1":1},"b":{}}
,"/home/manish/projects/node/crownStackTest/src/utility/db/models/roleUser.model.ts": {"path":"/home/manish/projects/node/crownStackTest/src/utility/db/models/roleUser.model.ts","statementMap":{"0":{"start":{"line":1,"column":0},"end":{"line":1,"column":81}},"1":{"start":{"line":2,"column":0},"end":{"line":2,"column":36}},"2":{"start":{"line":3,"column":0},"end":{"line":3,"column":36}},"3":{"start":{"line":6,"column":0},"end":{"line":16,"column":null}},"4":{"start":{"line":10,"column":4},"end":{"line":10,"column":null}},"5":{"start":{"line":8,"column":22},"end":{"line":8,"column":26}},"6":{"start":{"line":14,"column":4},"end":{"line":14,"column":null}},"7":{"start":{"line":12,"column":22},"end":{"line":12,"column":26}},"8":{"start":{"line":6,"column":13},"end":{"line":16,"column":null}},"9":{"start":{"line":6,"column":13},"end":{"line":6,"column":21}}},"fnMap":{"0":{"name":"(anonymous_2)","decl":{"start":{"line":8,"column":16},"end":{"line":8,"column":19}},"loc":{"start":{"line":8,"column":22},"end":{"line":8,"column":26}}},"1":{"name":"(anonymous_3)","decl":{"start":{"line":12,"column":16},"end":{"line":12,"column":19}},"loc":{"start":{"line":12,"column":22},"end":{"line":12,"column":26}}}},"branchMap":{},"s":{"0":9,"1":9,"2":9,"3":9,"4":9,"5":6,"6":9,"7":2,"8":9,"9":9},"f":{"0":6,"1":2},"b":{}}
,"/home/manish/projects/node/crownStackTest/src/utility/db/models/user.model.ts": {"path":"/home/manish/projects/node/crownStackTest/src/utility/db/models/user.model.ts","statementMap":{"0":{"start":{"line":1,"column":0},"end":{"line":1,"column":173}},"1":{"start":{"line":2,"column":0},"end":{"line":2,"column":36}},"2":{"start":{"line":3,"column":0},"end":{"line":3,"column":44}},"3":{"start":{"line":4,"column":0},"end":{"line":4,"column":38}},"4":{"start":{"line":7,"column":0},"end":{"line":42,"column":null}},"5":{"start":{"line":38,"column":21},"end":{"line":38,"column":68}},"6":{"start":{"line":39,"column":4},"end":{"line":39,"column":70}},"7":{"start":{"line":12,"column":2},"end":{"line":12,"column":null}},"8":{"start":{"line":15,"column":2},"end":{"line":15,"column":null}},"9":{"start":{"line":20,"column":2},"end":{"line":20,"column":null}},"10":{"start":{"line":24,"column":2},"end":{"line":24,"column":null}},"11":{"start":{"line":28,"column":2},"end":{"line":28,"column":null}},"12":{"start":{"line":31,"column":2},"end":{"line":31,"column":null}},"13":{"start":{"line":30,"column":23},"end":{"line":30,"column":27}},"14":{"start":{"line":30,"column":35},"end":{"line":30,"column":43}},"15":{"start":{"line":34,"column":2},"end":{"line":34,"column":null}},"16":{"start":{"line":33,"column":17},"end":{"line":33,"column":22}},"17":{"start":{"line":37,"column":2},"end":{"line":41,"column":null}},"18":{"start":{"line":7,"column":13},"end":{"line":42,"column":null}},"19":{"start":{"line":7,"column":13},"end":{"line":7,"column":17}}},"fnMap":{"0":{"name":"(anonymous_9)","decl":{"start":{"line":37,"column":2},"end":{"line":37,"column":8}},"loc":{"start":{"line":37,"column":40},"end":{"line":41,"column":null}}},"1":{"name":"(anonymous_11)","decl":{"start":{"line":30,"column":17},"end":{"line":30,"column":20}},"loc":{"start":{"line":30,"column":23},"end":{"line":30,"column":27}}},"2":{"name":"(anonymous_12)","decl":{"start":{"line":30,"column":29},"end":{"line":30,"column":32}},"loc":{"start":{"line":30,"column":35},"end":{"line":30,"column":43}}},"3":{"name":"(anonymous_13)","decl":{"start":{"line":33,"column":11},"end":{"line":33,"column":14}},"loc":{"start":{"line":33,"column":17},"end":{"line":33,"column":22}}}},"branchMap":{},"s":{"0":9,"1":9,"2":9,"3":9,"4":9,"5":1,"6":1,"7":9,"8":9,"9":9,"10":9,"11":9,"12":9,"13":2,"14":1,"15":9,"16":2,"17":9,"18":9,"19":9},"f":{"0":1,"1":2,"2":1,"3":2},"b":{}}
,"/home/manish/projects/node/crownStackTest/src/utility/helpers/BootstrapDb.helper.ts": {"path":"/home/manish/projects/node/crownStackTest/src/utility/helpers/BootstrapDb.helper.ts","statementMap":{"0":{"start":{"line":1,"column":0},"end":{"line":1,"column":47}},"1":{"start":{"line":2,"column":0},"end":{"line":2,"column":33}},"2":{"start":{"line":3,"column":0},"end":{"line":3,"column":47}},"3":{"start":{"line":4,"column":0},"end":{"line":4,"column":55}},"4":{"start":{"line":6,"column":0},"end":{"line":6,"column":28}},"5":{"start":{"line":14,"column":8},"end":{"line":16,"column":null}},"6":{"start":{"line":14,"column":21},"end":{"line":14,"column":22}},"7":{"start":{"line":15,"column":12},"end":{"line":15,"column":83}},"8":{"start":{"line":21,"column":30},"end":{"line":21,"column":89}},"9":{"start":{"line":22,"column":8},"end":{"line":25,"column":null}},"10":{"start":{"line":23,"column":12},"end":{"line":23,"column":65}},"11":{"start":{"line":24,"column":12},"end":{"line":24,"column":19}},"12":{"start":{"line":26,"column":21},"end":{"line":26,"column":70}},"13":{"start":{"line":27,"column":26},"end":{"line":27,"column":122}},"14":{"start":{"line":28,"column":21},"end":{"line":28,"column":69}},"15":{"start":{"line":29,"column":8},"end":{"line":29,"column":null}},"16":{"start":{"line":8,"column":0},"end":{"line":8,"column":13}},"17":{"start":{"line":10,"column":11},"end":{"line":10,"column":22}}},"fnMap":{"0":{"name":"(anonymous_9)","decl":{"start":{"line":12,"column":4},"end":{"line":12,"column":10}},"loc":{"start":{"line":12,"column":27},"end":{"line":17,"column":null}}},"1":{"name":"(anonymous_11)","decl":{"start":{"line":19,"column":4},"end":{"line":19,"column":10}},"loc":{"start":{"line":19,"column":28},"end":{"line":30,"column":null}}}},"branchMap":{"0":{"loc":{"start":{"line":22,"column":8},"end":{"line":25,"column":null}},"type":"if","locations":[{"start":{"line":22,"column":8},"end":{"line":25,"column":null}},{"start":{"line":22,"column":8},"end":{"line":25,"column":null}}]}},"s":{"0":7,"1":7,"2":7,"3":7,"4":7,"5":1,"6":1,"7":2,"8":2,"9":2,"10":1,"11":1,"12":1,"13":1,"14":1,"15":1,"16":7,"17":7},"f":{"0":1,"1":2},"b":{"0":[1,1]}}
,"/home/manish/projects/node/crownStackTest/src/utility/helpers/jwt.helper.ts": {"path":"/home/manish/projects/node/crownStackTest/src/utility/helpers/jwt.helper.ts","statementMap":{"0":{"start":{"line":1,"column":0},"end":{"line":1,"column":36}},"1":{"start":{"line":2,"column":0},"end":{"line":2,"column":33}},"2":{"start":{"line":7,"column":8},"end":{"line":12,"column":10}},"3":{"start":{"line":16,"column":8},"end":{"line":27,"column":null}},"4":{"start":{"line":17,"column":12},"end":{"line":26,"column":null}},"5":{"start":{"line":18,"column":16},"end":{"line":23,"column":19}},"6":{"start":{"line":18,"column":95},"end":{"line":23,"column":18}},"7":{"start":{"line":19,"column":20},"end":{"line":21,"column":null}},"8":{"start":{"line":20,"column":24},"end":{"line":20,"column":62}},"9":{"start":{"line":22,"column":20},"end":{"line":22,"column":42}},"10":{"start":{"line":25,"column":16},"end":{"line":25,"column":58}},"11":{"start":{"line":4,"column":0},"end":{"line":4,"column":13}}},"fnMap":{"0":{"name":"(anonymous_8)","decl":{"start":{"line":6,"column":11},"end":{"line":6,"column":17}},"loc":{"start":{"line":6,"column":37},"end":{"line":13,"column":5}}},"1":{"name":"(anonymous_9)","decl":{"start":{"line":15,"column":11},"end":{"line":15,"column":17}},"loc":{"start":{"line":15,"column":43},"end":{"line":28,"column":5}}},"2":{"name":"(anonymous_10)","decl":{"start":{"line":16,"column":27},"end":{"line":16,"column":28}},"loc":{"start":{"line":16,"column":47},"end":{"line":27,"column":9}}},"3":{"name":"(anonymous_11)","decl":{"start":{"line":18,"column":62},"end":{"line":18,"column":69}},"loc":{"start":{"line":18,"column":95},"end":{"line":23,"column":18}}},"4":{"name":"(anonymous_12)","decl":{"start":{"line":18,"column":95},"end":{"line":18,"column":null}},"loc":{"start":{"line":18,"column":95},"end":{"line":23,"column":17}}}},"branchMap":{"0":{"loc":{"start":{"line":17,"column":12},"end":{"line":26,"column":null}},"type":"if","locations":[{"start":{"line":17,"column":12},"end":{"line":26,"column":null}},{"start":{"line":17,"column":12},"end":{"line":26,"column":null}}]},"1":{"loc":{"start":{"line":19,"column":20},"end":{"line":21,"column":null}},"type":"if","locations":[{"start":{"line":19,"column":20},"end":{"line":21,"column":null}},{"start":{"line":19,"column":20},"end":{"line":21,"column":null}}]}},"s":{"0":3,"1":3,"2":4,"3":3,"4":3,"5":2,"6":2,"7":2,"8":1,"9":1,"10":1,"11":3},"f":{"0":4,"1":3,"2":3,"3":2,"4":2},"b":{"0":[2,1],"1":[1,1]}}
,"/home/manish/projects/node/crownStackTest/src/utility/system/Environment.ts": {"path":"/home/manish/projects/node/crownStackTest/src/utility/system/Environment.ts","statementMap":{"0":{"start":{"line":1,"column":31},"end":{"line":1,"column":65}},"1":{"start":{"line":3,"column":20},"end":{"line":14,"column":2}},"2":{"start":{"line":16,"column":9},"end":{"line":16,"column":20}}},"fnMap":{},"branchMap":{"0":{"loc":{"start":{"line":4,"column":10},"end":{"line":4,"column":34}},"type":"binary-expr","locations":[{"start":{"line":4,"column":10},"end":{"line":4,"column":34}},{"start":{"line":4,"column":38},"end":{"line":4,"column":42}}]},"1":{"loc":{"start":{"line":7,"column":13},"end":{"line":7,"column":34}},"type":"binary-expr","locations":[{"start":{"line":7,"column":13},"end":{"line":7,"column":34}},{"start":{"line":7,"column":38},"end":{"line":7,"column":48}}]},"2":{"loc":{"start":{"line":8,"column":12},"end":{"line":8,"column":32}},"type":"binary-expr","locations":[{"start":{"line":8,"column":12},"end":{"line":8,"column":32}},{"start":{"line":8,"column":36},"end":{"line":8,"column":46}}]},"3":{"loc":{"start":{"line":9,"column":13},"end":{"line":9,"column":32}},"type":"binary-expr","locations":[{"start":{"line":9,"column":13},"end":{"line":9,"column":32}},{"start":{"line":9,"column":36},"end":{"line":9,"column":52}}]},"4":{"loc":{"start":{"line":11,"column":16},"end":{"line":11,"column":38}},"type":"binary-expr","locations":[{"start":{"line":11,"column":16},"end":{"line":11,"column":38}},{"start":{"line":11,"column":42},"end":{"line":11,"column":84}}]}},"s":{"0":8,"1":8,"2":8},"f":{},"b":{"0":[8,8],"1":[8,8],"2":[8,8],"3":[8,8],"4":[8,8]}}
,"/home/manish/projects/node/crownStackTest/src/utility/system/index.ts": {"path":"/home/manish/projects/node/crownStackTest/src/utility/system/index.ts","statementMap":{"0":{"start":{"line":1,"column":0},"end":{"line":1,"column":30}}},"fnMap":{},"branchMap":{},"s":{"0":8},"f":{},"b":{}}
}
