{"/home/manish/projects/node/crownStackTest/src/resources/Order/Order.handler.ts": {"path":"/home/manish/projects/node/crownStackTest/src/resources/Order/Order.handler.ts","statementMap":{"0":{"start":{"line":1,"column":0},"end":{"line":1,"column":45}},"1":{"start":{"line":2,"column":0},"end":{"line":2,"column":47}},"2":{"start":{"line":3,"column":0},"end":{"line":3,"column":60}},"3":{"start":{"line":4,"column":0},"end":{"line":4,"column":48}},"4":{"start":{"line":5,"column":0},"end":{"line":5,"column":66}},"5":{"start":{"line":6,"column":0},"end":{"line":6,"column":64}},"6":{"start":{"line":12,"column":8},"end":{"line":66,"column":null}},"7":{"start":{"line":13,"column":29},"end":{"line":13,"column":89}},"8":{"start":{"line":17,"column":12},"end":{"line":19,"column":null}},"9":{"start":{"line":18,"column":16},"end":{"line":18,"column":116}},"10":{"start":{"line":18,"column":70},"end":{"line":18,"column":102}},"11":{"start":{"line":20,"column":26},"end":{"line":20,"column":40}},"12":{"start":{"line":21,"column":12},"end":{"line":21,"column":63}},"13":{"start":{"line":22,"column":12},"end":{"line":28,"column":null}},"14":{"start":{"line":23,"column":16},"end":{"line":23,"column":null}},"15":{"start":{"line":24,"column":16},"end":{"line":24,"column":null}},"16":{"start":{"line":26,"column":16},"end":{"line":26,"column":null}},"17":{"start":{"line":26,"column":67},"end":{"line":26,"column":116}},"18":{"start":{"line":27,"column":16},"end":{"line":27,"column":null}},"19":{"start":{"line":31,"column":16},"end":{"line":61,"column":null}},"20":{"start":{"line":33,"column":20},"end":{"line":39,"column":22}},"21":{"start":{"line":41,"column":41},"end":{"line":41,"column":104}},"22":{"start":{"line":42,"column":43},"end":{"line":42,"column":121}},"23":{"start":{"line":44,"column":20},"end":{"line":51,"column":23}},"24":{"start":{"line":53,"column":20},"end":{"line":60,"column":null}},"25":{"start":{"line":63,"column":12},"end":{"line":63,"column":66}},"26":{"start":{"line":65,"column":12},"end":{"line":65,"column":25}},"27":{"start":{"line":70,"column":8},"end":{"line":78,"column":null}},"28":{"start":{"line":71,"column":31},"end":{"line":71,"column":73}},"29":{"start":{"line":72,"column":12},"end":{"line":74,"column":null}},"30":{"start":{"line":73,"column":16},"end":{"line":73,"column":null}},"31":{"start":{"line":75,"column":12},"end":{"line":75,"column":null}},"32":{"start":{"line":77,"column":12},"end":{"line":77,"column":21}},"33":{"start":{"line":82,"column":8},"end":{"line":104,"column":null}},"34":{"start":{"line":83,"column":37},"end":{"line":83,"column":41}},"35":{"start":{"line":84,"column":16},"end":{"line":100,"column":19}},"36":{"start":{"line":101,"column":12},"end":{"line":101,"column":null}},"37":{"start":{"line":103,"column":12},"end":{"line":103,"column":21}},"38":{"start":{"line":9,"column":0},"end":{"line":9,"column":13}}},"fnMap":{"0":{"name":"(anonymous_8)","decl":{"start":{"line":11,"column":4},"end":{"line":11,"column":10}},"loc":{"start":{"line":11,"column":36},"end":{"line":67,"column":null}}},"1":{"name":"(anonymous_10)","decl":{"start":{"line":18,"column":59},"end":{"line":18,"column":60}},"loc":{"start":{"line":18,"column":70},"end":{"line":18,"column":102}}},"2":{"name":"(anonymous_11)","decl":{"start":{"line":26,"column":57},"end":{"line":26,"column":58}},"loc":{"start":{"line":26,"column":67},"end":{"line":26,"column":116}}},"3":{"name":"(anonymous_12)","decl":{"start":{"line":69,"column":4},"end":{"line":69,"column":10}},"loc":{"start":{"line":69,"column":28},"end":{"line":79,"column":null}}},"4":{"name":"(anonymous_14)","decl":{"start":{"line":81,"column":4},"end":{"line":81,"column":10}},"loc":{"start":{"line":81,"column":39},"end":{"line":105,"column":null}}}},"branchMap":{"0":{"loc":{"start":{"line":17,"column":12},"end":{"line":19,"column":null}},"type":"if","locations":[{"start":{"line":17,"column":12},"end":{"line":19,"column":null}},{"start":{"line":17,"column":12},"end":{"line":19,"column":null}}]},"1":{"loc":{"start":{"line":22,"column":12},"end":{"line":28,"column":null}},"type":"if","locations":[{"start":{"line":22,"column":12},"end":{"line":28,"column":null}},{"start":{"line":22,"column":12},"end":{"line":28,"column":null}}]},"2":{"loc":{"start":{"line":27,"column":54},"end":{"line":27,"column":62}},"type":"cond-expr","locations":[{"start":{"line":27,"column":54},"end":{"line":27,"column":62}},{"start":{"line":27,"column":65},"end":{"line":27,"column":73}}]},"3":{"loc":{"start":{"line":31,"column":16},"end":{"line":61,"column":null}},"type":"if","locations":[{"start":{"line":31,"column":16},"end":{"line":61,"column":null}},{"start":{"line":31,"column":16},"end":{"line":61,"column":null}}]},"4":{"loc":{"start":{"line":72,"column":12},"end":{"line":74,"column":null}},"type":"if","locations":[{"start":{"line":72,"column":12},"end":{"line":74,"column":null}},{"start":{"line":72,"column":12},"end":{"line":74,"column":null}}]}},"s":{"0":3,"1":3,"2":3,"3":3,"4":3,"5":3,"6":5,"7":5,"8":5,"9":1,"10":2,"11":4,"12":4,"13":4,"14":1,"15":1,"16":3,"17":5,"18":3,"19":4,"20":2,"21":2,"22":2,"23":2,"24":2,"25":4,"26":1,"27":3,"28":3,"29":2,"30":1,"31":1,"32":1,"33":3,"34":3,"35":3,"36":2,"37":1,"38":3},"f":{"0":5,"1":2,"2":5,"3":3,"4":3},"b":{"0":[1,4],"1":[1,3],"2":[2,1],"3":[2,2],"4":[1,1]}}
,"/home/manish/projects/node/crownStackTest/src/resources/Order/Order.validator.ts": {"path":"/home/manish/projects/node/crownStackTest/src/resources/Order/Order.validator.ts","statementMap":{"0":{"start":{"line":1,"column":0},"end":{"line":1,"column":33}},"1":{"start":{"line":4,"column":4},"end":{"line":4,"column":32}},"2":{"start":{"line":5,"column":4},"end":{"line":5,"column":39}},"3":{"start":{"line":6,"column":4},"end":{"line":6,"column":32}},"4":{"start":{"line":7,"column":4},"end":{"line":7,"column":34}},"5":{"start":{"line":9,"column":4},"end":{"line":17,"column":7}},"6":{"start":{"line":20,"column":0},"end":{"line":20,"column":35}}},"fnMap":{"0":{"name":"(anonymous_1)","decl":{"start":{"line":3,"column":0},"end":{"line":3,"column":6}},"loc":{"start":{"line":3,"column":0},"end":{"line":18,"column":1}}}},"branchMap":{},"s":{"0":3,"1":3,"2":3,"3":3,"4":3,"5":3,"6":3},"f":{"0":3},"b":{}}
,"/home/manish/projects/node/crownStackTest/src/resources/Order/OrderStatus.enum.ts": {"path":"/home/manish/projects/node/crownStackTest/src/resources/Order/OrderStatus.enum.ts","statementMap":{"0":{"start":{"line":1,"column":0},"end":{"line":1,"column":null}},"1":{"start":{"line":2,"column":4},"end":{"line":2,"column":null}},"2":{"start":{"line":3,"column":4},"end":{"line":3,"column":null}},"3":{"start":{"line":4,"column":4},"end":{"line":4,"column":null}},"4":{"start":{"line":5,"column":4},"end":{"line":5,"column":null}}},"fnMap":{"0":{"name":"(anonymous_0)","decl":{"start":{"line":1,"column":0},"end":{"line":1,"column":12}},"loc":{"start":{"line":1,"column":23},"end":{"line":6,"column":3}}}},"branchMap":{"0":{"loc":{"start":{"line":1,"column":12},"end":{"line":1,"column":23}},"type":"binary-expr","locations":[{"start":{"line":1,"column":12},"end":{"line":1,"column":23}},{"start":{"line":1,"column":12},"end":{"line":1,"column":null}}]}},"s":{"0":7,"1":7,"2":7,"3":7,"4":7},"f":{"0":7},"b":{"0":[7,7]}}
,"/home/manish/projects/node/crownStackTest/src/resources/Product/Product.handler.ts": {"path":"/home/manish/projects/node/crownStackTest/src/resources/Product/Product.handler.ts","statementMap":{"0":{"start":{"line":1,"column":0},"end":{"line":1,"column":45}},"1":{"start":{"line":2,"column":0},"end":{"line":2,"column":51}},"2":{"start":{"line":3,"column":0},"end":{"line":3,"column":64}},"3":{"start":{"line":8,"column":8},"end":{"line":21,"column":null}},"4":{"start":{"line":9,"column":29},"end":{"line":9,"column":91}},"5":{"start":{"line":11,"column":12},"end":{"line":13,"column":null}},"6":{"start":{"line":12,"column":16},"end":{"line":12,"column":116}},"7":{"start":{"line":12,"column":70},"end":{"line":12,"column":102}},"8":{"start":{"line":14,"column":26},"end":{"line":14,"column":40}},"9":{"start":{"line":16,"column":12},"end":{"line":16,"column":null}},"10":{"start":{"line":18,"column":12},"end":{"line":18,"column":61}},"11":{"start":{"line":20,"column":12},"end":{"line":20,"column":25}},"12":{"start":{"line":26,"column":8},"end":{"line":36,"column":null}},"13":{"start":{"line":27,"column":27},"end":{"line":27,"column":63}},"14":{"start":{"line":28,"column":34},"end":{"line":31,"column":14}},"15":{"start":{"line":32,"column":26},"end":{"line":32,"column":49}},"16":{"start":{"line":33,"column":12},"end":{"line":33,"column":null}},"17":{"start":{"line":35,"column":12},"end":{"line":35,"column":25}},"18":{"start":{"line":5,"column":0},"end":{"line":5,"column":13}}},"fnMap":{"0":{"name":"(anonymous_8)","decl":{"start":{"line":7,"column":4},"end":{"line":7,"column":10}},"loc":{"start":{"line":7,"column":28},"end":{"line":22,"column":null}}},"1":{"name":"(anonymous_10)","decl":{"start":{"line":12,"column":59},"end":{"line":12,"column":60}},"loc":{"start":{"line":12,"column":70},"end":{"line":12,"column":102}}},"2":{"name":"(anonymous_11)","decl":{"start":{"line":25,"column":4},"end":{"line":25,"column":10}},"loc":{"start":{"line":25,"column":44},"end":{"line":37,"column":null}}}},"branchMap":{"0":{"loc":{"start":{"line":11,"column":12},"end":{"line":13,"column":null}},"type":"if","locations":[{"start":{"line":11,"column":12},"end":{"line":13,"column":null}},{"start":{"line":11,"column":12},"end":{"line":13,"column":null}}]},"1":{"loc":{"start":{"line":25,"column":30},"end":{"line":25,"column":34}},"type":"default-arg","locations":[{"start":{"line":25,"column":30},"end":{"line":25,"column":34}}]},"2":{"loc":{"start":{"line":25,"column":41},"end":{"line":25,"column":44}},"type":"default-arg","locations":[{"start":{"line":25,"column":41},"end":{"line":25,"column":44}}]}},"s":{"0":2,"1":2,"2":2,"3":2,"4":2,"5":2,"6":1,"7":3,"8":1,"9":1,"10":1,"11":1,"12":4,"13":4,"14":4,"15":3,"16":2,"17":2,"18":2},"f":{"0":2,"1":3,"2":4},"b":{"0":[1,1],"1":[1],"2":[1]}}
,"/home/manish/projects/node/crownStackTest/src/resources/Product/Product.validator.ts": {"path":"/home/manish/projects/node/crownStackTest/src/resources/Product/Product.validator.ts","statementMap":{"0":{"start":{"line":1,"column":0},"end":{"line":1,"column":33}},"1":{"start":{"line":4,"column":4},"end":{"line":4,"column":32}},"2":{"start":{"line":5,"column":4},"end":{"line":5,"column":32}},"3":{"start":{"line":7,"column":4},"end":{"line":23,"column":7}},"4":{"start":{"line":26,"column":0},"end":{"line":26,"column":38}}},"fnMap":{"0":{"name":"(anonymous_1)","decl":{"start":{"line":3,"column":0},"end":{"line":3,"column":6}},"loc":{"start":{"line":3,"column":0},"end":{"line":24,"column":1}}}},"branchMap":{},"s":{"0":2,"1":2,"2":2,"3":2,"4":2},"f":{"0":2},"b":{}}
,"/home/manish/projects/node/crownStackTest/src/resources/User/User.handler.ts": {"path":"/home/manish/projects/node/crownStackTest/src/resources/User/User.handler.ts","statementMap":{"0":{"start":{"line":1,"column":0},"end":{"line":1,"column":45}},"1":{"start":{"line":2,"column":0},"end":{"line":2,"column":58}},"2":{"start":{"line":3,"column":0},"end":{"line":3,"column":61}},"3":{"start":{"line":4,"column":0},"end":{"line":4,"column":58}},"4":{"start":{"line":5,"column":0},"end":{"line":5,"column":45}},"5":{"start":{"line":7,"column":0},"end":{"line":7,"column":28}},"6":{"start":{"line":13,"column":8},"end":{"line":41,"column":null}},"7":{"start":{"line":14,"column":29},"end":{"line":14,"column":88}},"8":{"start":{"line":15,"column":12},"end":{"line":17,"column":null}},"9":{"start":{"line":16,"column":16},"end":{"line":16,"column":116}},"10":{"start":{"line":16,"column":70},"end":{"line":16,"column":102}},"11":{"start":{"line":18,"column":26},"end":{"line":18,"column":40}},"12":{"start":{"line":19,"column":37},"end":{"line":19,"column":90}},"13":{"start":{"line":21,"column":12},"end":{"line":23,"column":null}},"14":{"start":{"line":22,"column":16},"end":{"line":22,"column":54}},"15":{"start":{"line":26,"column":25},"end":{"line":26,"column":66}},"16":{"start":{"line":30,"column":16},"end":{"line":35,"column":19}},"17":{"start":{"line":38,"column":12},"end":{"line":38,"column":55}},"18":{"start":{"line":40,"column":12},"end":{"line":40,"column":25}},"19":{"start":{"line":45,"column":8},"end":{"line":73,"column":null}},"20":{"start":{"line":46,"column":29},"end":{"line":46,"column":87}},"21":{"start":{"line":48,"column":12},"end":{"line":50,"column":null}},"22":{"start":{"line":49,"column":16},"end":{"line":49,"column":116}},"23":{"start":{"line":49,"column":70},"end":{"line":49,"column":102}},"24":{"start":{"line":51,"column":26},"end":{"line":51,"column":40}},"25":{"start":{"line":52,"column":25},"end":{"line":60,"column":14}},"26":{"start":{"line":61,"column":12},"end":{"line":63,"column":null}},"27":{"start":{"line":62,"column":16},"end":{"line":62,"column":69}},"28":{"start":{"line":64,"column":31},"end":{"line":64,"column":86}},"29":{"start":{"line":66,"column":12},"end":{"line":68,"column":null}},"30":{"start":{"line":67,"column":16},"end":{"line":67,"column":84}},"31":{"start":{"line":69,"column":26},"end":{"line":69,"column":63}},"32":{"start":{"line":70,"column":12},"end":{"line":70,"column":null}},"33":{"start":{"line":72,"column":12},"end":{"line":72,"column":21}},"34":{"start":{"line":10,"column":0},"end":{"line":10,"column":13}}},"fnMap":{"0":{"name":"(anonymous_8)","decl":{"start":{"line":12,"column":4},"end":{"line":12,"column":10}},"loc":{"start":{"line":12,"column":28},"end":{"line":42,"column":null}}},"1":{"name":"(anonymous_10)","decl":{"start":{"line":16,"column":59},"end":{"line":16,"column":60}},"loc":{"start":{"line":16,"column":70},"end":{"line":16,"column":102}}},"2":{"name":"(anonymous_11)","decl":{"start":{"line":44,"column":4},"end":{"line":44,"column":10}},"loc":{"start":{"line":44,"column":37},"end":{"line":74,"column":null}}},"3":{"name":"(anonymous_13)","decl":{"start":{"line":49,"column":59},"end":{"line":49,"column":60}},"loc":{"start":{"line":49,"column":70},"end":{"line":49,"column":102}}}},"branchMap":{"0":{"loc":{"start":{"line":15,"column":12},"end":{"line":17,"column":null}},"type":"if","locations":[{"start":{"line":15,"column":12},"end":{"line":17,"column":null}},{"start":{"line":15,"column":12},"end":{"line":17,"column":null}}]},"1":{"loc":{"start":{"line":21,"column":12},"end":{"line":23,"column":null}},"type":"if","locations":[{"start":{"line":21,"column":12},"end":{"line":23,"column":null}},{"start":{"line":21,"column":12},"end":{"line":23,"column":null}}]},"2":{"loc":{"start":{"line":48,"column":12},"end":{"line":50,"column":null}},"type":"if","locations":[{"start":{"line":48,"column":12},"end":{"line":50,"column":null}},{"start":{"line":48,"column":12},"end":{"line":50,"column":null}}]},"3":{"loc":{"start":{"line":61,"column":12},"end":{"line":63,"column":null}},"type":"if","locations":[{"start":{"line":61,"column":12},"end":{"line":63,"column":null}},{"start":{"line":61,"column":12},"end":{"line":63,"column":null}}]},"4":{"loc":{"start":{"line":66,"column":12},"end":{"line":68,"column":null}},"type":"if","locations":[{"start":{"line":66,"column":12},"end":{"line":68,"column":null}},{"start":{"line":66,"column":12},"end":{"line":68,"column":null}}]}},"s":{"0":2,"1":2,"2":2,"3":2,"4":2,"5":2,"6":5,"7":5,"8":5,"9":3,"10":3,"11":2,"12":2,"13":2,"14":1,"15":1,"16":1,"17":1,"18":4,"19":5,"20":5,"21":5,"22":2,"23":2,"24":3,"25":3,"26":3,"27":1,"28":2,"29":2,"30":1,"31":1,"32":1,"33":4,"34":2},"f":{"0":5,"1":3,"2":5,"3":2},"b":{"0":[3,2],"1":[1,1],"2":[2,3],"3":[1,2],"4":[1,1]}}
,"/home/manish/projects/node/crownStackTest/src/resources/User/User.validator.ts": {"path":"/home/manish/projects/node/crownStackTest/src/resources/User/User.validator.ts","statementMap":{"0":{"start":{"line":1,"column":0},"end":{"line":1,"column":33}},"1":{"start":{"line":4,"column":4},"end":{"line":4,"column":32}},"2":{"start":{"line":5,"column":4},"end":{"line":5,"column":39}},"3":{"start":{"line":6,"column":4},"end":{"line":6,"column":32}},"4":{"start":{"line":7,"column":4},"end":{"line":7,"column":34}},"5":{"start":{"line":9,"column":4},"end":{"line":15,"column":7}},"6":{"start":{"line":17,"column":4},"end":{"line":20,"column":7}},"7":{"start":{"line":23,"column":0},"end":{"line":23,"column":35}}},"fnMap":{"0":{"name":"(anonymous_1)","decl":{"start":{"line":3,"column":0},"end":{"line":3,"column":6}},"loc":{"start":{"line":3,"column":0},"end":{"line":21,"column":1}}}},"branchMap":{},"s":{"0":2,"1":2,"2":2,"3":2,"4":2,"5":2,"6":2,"7":2},"f":{"0":2},"b":{}}
,"/home/manish/projects/node/crownStackTest/src/utility/db/BaseModel.ts": {"path":"/home/manish/projects/node/crownStackTest/src/utility/db/BaseModel.ts","statementMap":{"0":{"start":{"line":1,"column":0},"end":{"line":1,"column":83}},"1":{"start":{"line":4,"column":13},"end":{"line":4,"column":30}},"2":{"start":{"line":11,"column":4},"end":{"line":11,"column":null}},"3":{"start":{"line":15,"column":4},"end":{"line":15,"column":null}},"4":{"start":{"line":6,"column":0},"end":{"line":6,"column":22}}},"fnMap":{},"branchMap":{},"s":{"0":7,"1":7,"2":7,"3":7,"4":7},"f":{},"b":{}}
,"/home/manish/projects/node/crownStackTest/src/utility/db/ErrorHandlers.ts": {"path":"/home/manish/projects/node/crownStackTest/src/utility/db/ErrorHandlers.ts","statementMap":{"0":{"start":{"line":1,"column":0},"end":{"line":1,"column":null}},"1":{"start":{"line":2,"column":4},"end":{"line":2,"column":null}},"2":{"start":{"line":3,"column":4},"end":{"line":3,"column":null}},"3":{"start":{"line":4,"column":4},"end":{"line":4,"column":null}},"4":{"start":{"line":5,"column":4},"end":{"line":5,"column":null}},"5":{"start":{"line":6,"column":4},"end":{"line":6,"column":null}},"6":{"start":{"line":7,"column":4},"end":{"line":7,"column":null}},"7":{"start":{"line":8,"column":4},"end":{"line":8,"column":null}},"8":{"start":{"line":9,"column":4},"end":{"line":9,"column":null}},"9":{"start":{"line":22,"column":26},"end":{"line":22,"column":49}},"10":{"start":{"line":23,"column":4},"end":{"line":23,"column":35}},"11":{"start":{"line":24,"column":4},"end":{"line":24,"column":17}},"12":{"start":{"line":28,"column":4},"end":{"line":45,"column":null}},"13":{"start":{"line":29,"column":8},"end":{"line":44,"column":null}},"14":{"start":{"line":31,"column":16},"end":{"line":31,"column":86}},"15":{"start":{"line":33,"column":16},"end":{"line":33,"column":99}},"16":{"start":{"line":35,"column":16},"end":{"line":35,"column":103}},"17":{"start":{"line":37,"column":16},"end":{"line":37,"column":103}},"18":{"start":{"line":39,"column":16},"end":{"line":39,"column":87}},"19":{"start":{"line":41,"column":16},"end":{"line":41,"column":105}},"20":{"start":{"line":43,"column":16},"end":{"line":43,"column":27}},"21":{"start":{"line":46,"column":4},"end":{"line":46,"column":32}},"22":{"start":{"line":47,"column":4},"end":{"line":47,"column":27}},"23":{"start":{"line":27,"column":0},"end":{"line":27,"column":16}},"24":{"start":{"line":51,"column":24},"end":{"line":51,"column":75}},"25":{"start":{"line":52,"column":4},"end":{"line":52,"column":36}},"26":{"start":{"line":53,"column":4},"end":{"line":53,"column":17}},"27":{"start":{"line":50,"column":0},"end":{"line":50,"column":16}}},"fnMap":{"0":{"name":"(anonymous_0)","decl":{"start":{"line":1,"column":0},"end":{"line":1,"column":12}},"loc":{"start":{"line":1,"column":19},"end":{"line":10,"column":1}}},"1":{"name":"errorResponse","decl":{"start":{"line":21,"column":9},"end":{"line":21,"column":22}},"loc":{"start":{"line":21,"column":96},"end":{"line":25,"column":1}}},"2":{"name":"handleError","decl":{"start":{"line":27,"column":16},"end":{"line":27,"column":27}},"loc":{"start":{"line":27,"column":36},"end":{"line":48,"column":1}}},"3":{"name":"argumentValidationError","decl":{"start":{"line":50,"column":16},"end":{"line":50,"column":39}},"loc":{"start":{"line":50,"column":53},"end":{"line":54,"column":1}}}},"branchMap":{"0":{"loc":{"start":{"line":1,"column":12},"end":{"line":1,"column":19}},"type":"binary-expr","locations":[{"start":{"line":1,"column":12},"end":{"line":1,"column":19}},{"start":{"line":1,"column":12},"end":{"line":1,"column":null}}]},"1":{"loc":{"start":{"line":21,"column":45},"end":{"line":21,"column":48}},"type":"default-arg","locations":[{"start":{"line":21,"column":45},"end":{"line":21,"column":48}}]},"2":{"loc":{"start":{"line":21,"column":73},"end":{"line":21,"column":96}},"type":"default-arg","locations":[{"start":{"line":21,"column":73},"end":{"line":21,"column":96}}]},"3":{"loc":{"start":{"line":28,"column":4},"end":{"line":45,"column":null}},"type":"if","locations":[{"start":{"line":28,"column":4},"end":{"line":45,"column":null}},{"start":{"line":28,"column":4},"end":{"line":45,"column":null}}]},"4":{"loc":{"start":{"line":28,"column":8},"end":{"line":28,"column":11}},"type":"binary-expr","locations":[{"start":{"line":28,"column":8},"end":{"line":28,"column":11}},{"start":{"line":28,"column":15},"end":{"line":28,"column":40}}]},"5":{"loc":{"start":{"line":30,"column":12},"end":{"line":31,"column":86}},"type":"switch","locations":[{"start":{"line":30,"column":12},"end":{"line":31,"column":86}},{"start":{"line":32,"column":12},"end":{"line":33,"column":99}},{"start":{"line":34,"column":12},"end":{"line":35,"column":103}},{"start":{"line":36,"column":12},"end":{"line":37,"column":103}},{"start":{"line":38,"column":12},"end":{"line":39,"column":87}},{"start":{"line":40,"column":12},"end":{"line":41,"column":105}},{"start":{"line":42,"column":12},"end":{"line":43,"column":27}}]}},"s":{"0":7,"1":7,"2":7,"3":7,"4":7,"5":7,"6":7,"7":7,"8":7,"9":0,"10":0,"11":0,"12":0,"13":0,"14":0,"15":0,"16":0,"17":0,"18":0,"19":0,"20":0,"21":0,"22":0,"23":7,"24":0,"25":0,"26":0,"27":7},"f":{"0":7,"1":0,"2":0,"3":0},"b":{"0":[7,7],"1":[0],"2":[0],"3":[0,0],"4":[0,0],"5":[0,0,0,0,0,0,0]}}
,"/home/manish/projects/node/crownStackTest/src/utility/db/SequlizeConnection.ts": {"path":"/home/manish/projects/node/crownStackTest/src/utility/db/SequlizeConnection.ts","statementMap":{"0":{"start":{"line":1,"column":0},"end":{"line":1,"column":49}},"1":{"start":{"line":2,"column":0},"end":{"line":2,"column":33}},"2":{"start":{"line":3,"column":0},"end":{"line":3,"column":43}},"3":{"start":{"line":4,"column":0},"end":{"line":4,"column":51}},"4":{"start":{"line":5,"column":0},"end":{"line":5,"column":43}},"5":{"start":{"line":6,"column":0},"end":{"line":6,"column":60}},"6":{"start":{"line":7,"column":0},"end":{"line":7,"column":49}},"7":{"start":{"line":8,"column":0},"end":{"line":8,"column":45}},"8":{"start":{"line":9,"column":0},"end":{"line":9,"column":51}},"9":{"start":{"line":19,"column":4},"end":{"line":40,"column":7}},"10":{"start":{"line":43,"column":4},"end":{"line":47,"column":7}},"11":{"start":{"line":43,"column":46},"end":{"line":47,"column":6}},"12":{"start":{"line":44,"column":6},"end":{"line":44,"column":44}},"13":{"start":{"line":45,"column":6},"end":{"line":45,"column":31}},"14":{"start":{"line":46,"column":6},"end":{"line":46,"column":32}},"15":{"start":{"line":11,"column":0},"end":{"line":11,"column":21}},"16":{"start":{"line":13,"column":16},"end":{"line":13,"column":43}},"17":{"start":{"line":14,"column":16},"end":{"line":14,"column":42}},"18":{"start":{"line":15,"column":16},"end":{"line":15,"column":34}},"19":{"start":{"line":16,"column":16},"end":{"line":16,"column":33}}},"fnMap":{"0":{"name":"(anonymous_8)","decl":{"start":{"line":18,"column":9},"end":{"line":18,"column":15}},"loc":{"start":{"line":18,"column":32},"end":{"line":48,"column":3}}},"1":{"name":"(anonymous_9)","decl":{"start":{"line":43,"column":34},"end":{"line":43,"column":40}},"loc":{"start":{"line":43,"column":46},"end":{"line":47,"column":6}}},"2":{"name":"(anonymous_10)","decl":{"start":{"line":43,"column":46},"end":{"line":43,"column":null}},"loc":{"start":{"line":43,"column":46},"end":{"line":47,"column":5}}}},"branchMap":{},"s":{"0":5,"1":5,"2":5,"3":5,"4":5,"5":5,"6":5,"7":5,"8":5,"9":0,"10":0,"11":0,"12":0,"13":0,"14":0,"15":5,"16":5,"17":5,"18":5,"19":5},"f":{"0":0,"1":0,"2":0},"b":{}}
,"/home/manish/projects/node/crownStackTest/src/utility/db/index.ts": {"path":"/home/manish/projects/node/crownStackTest/src/utility/db/index.ts","statementMap":{"0":{"start":{"line":1,"column":0},"end":{"line":1,"column":28}},"1":{"start":{"line":2,"column":0},"end":{"line":2,"column":32}}},"fnMap":{},"branchMap":{},"s":{"0":7,"1":7},"f":{},"b":{}}
,"/home/manish/projects/node/crownStackTest/src/utility/db/models/lineItem.model.ts": {"path":"/home/manish/projects/node/crownStackTest/src/utility/db/models/lineItem.model.ts","statementMap":{"0":{"start":{"line":1,"column":0},"end":{"line":1,"column":173}},"1":{"start":{"line":2,"column":0},"end":{"line":2,"column":42}},"2":{"start":{"line":3,"column":0},"end":{"line":3,"column":38}},"3":{"start":{"line":6,"column":0},"end":{"line":74,"column":null}},"4":{"start":{"line":35,"column":24},"end":{"line":35,"column":90}},"5":{"start":{"line":36,"column":4},"end":{"line":38,"column":null}},"6":{"start":{"line":37,"column":6},"end":{"line":37,"column":null}},"7":{"start":{"line":39,"column":4},"end":{"line":39,"column":null}},"8":{"start":{"line":44,"column":22},"end":{"line":44,"column":82}},"9":{"start":{"line":45,"column":4},"end":{"line":47,"column":null}},"10":{"start":{"line":46,"column":6},"end":{"line":46,"column":null}},"11":{"start":{"line":48,"column":4},"end":{"line":56,"column":null}},"12":{"start":{"line":60,"column":22},"end":{"line":60,"column":82}},"13":{"start":{"line":61,"column":4},"end":{"line":63,"column":null}},"14":{"start":{"line":62,"column":6},"end":{"line":62,"column":null}},"15":{"start":{"line":64,"column":4},"end":{"line":72,"column":null}},"16":{"start":{"line":11,"column":2},"end":{"line":11,"column":null}},"17":{"start":{"line":15,"column":2},"end":{"line":15,"column":null}},"18":{"start":{"line":13,"column":20},"end":{"line":13,"column":27}},"19":{"start":{"line":19,"column":2},"end":{"line":19,"column":null}},"20":{"start":{"line":17,"column":20},"end":{"line":17,"column":25}},"21":{"start":{"line":22,"column":2},"end":{"line":22,"column":null}},"22":{"start":{"line":25,"column":2},"end":{"line":25,"column":null}},"23":{"start":{"line":28,"column":2},"end":{"line":28,"column":null}},"24":{"start":{"line":27,"column":19},"end":{"line":27,"column":26}},"25":{"start":{"line":31,"column":2},"end":{"line":31,"column":null}},"26":{"start":{"line":30,"column":19},"end":{"line":30,"column":24}},"27":{"start":{"line":34,"column":2},"end":{"line":40,"column":null}},"28":{"start":{"line":43,"column":2},"end":{"line":57,"column":null}},"29":{"start":{"line":6,"column":13},"end":{"line":74,"column":null}},"30":{"start":{"line":6,"column":13},"end":{"line":6,"column":21}}},"fnMap":{"0":{"name":"(anonymous_9)","decl":{"start":{"line":34,"column":2},"end":{"line":34,"column":8}},"loc":{"start":{"line":34,"column":43},"end":{"line":40,"column":null}}},"1":{"name":"(anonymous_11)","decl":{"start":{"line":43,"column":2},"end":{"line":43,"column":8}},"loc":{"start":{"line":43,"column":45},"end":{"line":57,"column":null}}},"2":{"name":"(anonymous_13)","decl":{"start":{"line":59,"column":2},"end":{"line":59,"column":8}},"loc":{"start":{"line":59,"column":53},"end":{"line":73,"column":null}}},"3":{"name":"(anonymous_15)","decl":{"start":{"line":13,"column":14},"end":{"line":13,"column":17}},"loc":{"start":{"line":13,"column":20},"end":{"line":13,"column":27}}},"4":{"name":"(anonymous_16)","decl":{"start":{"line":17,"column":14},"end":{"line":17,"column":17}},"loc":{"start":{"line":17,"column":20},"end":{"line":17,"column":25}}},"5":{"name":"(anonymous_17)","decl":{"start":{"line":27,"column":13},"end":{"line":27,"column":16}},"loc":{"start":{"line":27,"column":19},"end":{"line":27,"column":26}}},"6":{"name":"(anonymous_18)","decl":{"start":{"line":30,"column":13},"end":{"line":30,"column":16}},"loc":{"start":{"line":30,"column":19},"end":{"line":30,"column":24}}}},"branchMap":{"0":{"loc":{"start":{"line":36,"column":4},"end":{"line":38,"column":null}},"type":"if","locations":[{"start":{"line":36,"column":4},"end":{"line":38,"column":null}},{"start":{"line":36,"column":4},"end":{"line":38,"column":null}}]},"1":{"loc":{"start":{"line":45,"column":4},"end":{"line":47,"column":null}},"type":"if","locations":[{"start":{"line":45,"column":4},"end":{"line":47,"column":null}},{"start":{"line":45,"column":4},"end":{"line":47,"column":null}}]},"2":{"loc":{"start":{"line":61,"column":4},"end":{"line":63,"column":null}},"type":"if","locations":[{"start":{"line":61,"column":4},"end":{"line":63,"column":null}},{"start":{"line":61,"column":4},"end":{"line":63,"column":null}}]}},"s":{"0":7,"1":7,"2":7,"3":7,"4":0,"5":0,"6":0,"7":0,"8":0,"9":0,"10":0,"11":0,"12":0,"13":0,"14":0,"15":0,"16":7,"17":7,"18":0,"19":7,"20":0,"21":7,"22":7,"23":7,"24":0,"25":7,"26":0,"27":7,"28":7,"29":7,"30":7},"f":{"0":0,"1":0,"2":0,"3":0,"4":0,"5":0,"6":0},"b":{"0":[0,0],"1":[0,0],"2":[0,0]}}
,"/home/manish/projects/node/crownStackTest/src/utility/db/models/order.model.ts": {"path":"/home/manish/projects/node/crownStackTest/src/utility/db/models/order.model.ts","statementMap":{"0":{"start":{"line":1,"column":0},"end":{"line":1,"column":182}},"1":{"start":{"line":2,"column":0},"end":{"line":2,"column":36}},"2":{"start":{"line":3,"column":0},"end":{"line":3,"column":44}},"3":{"start":{"line":4,"column":0},"end":{"line":4,"column":71}},"4":{"start":{"line":7,"column":0},"end":{"line":31,"column":null}},"5":{"start":{"line":12,"column":2},"end":{"line":12,"column":null}},"6":{"start":{"line":16,"column":2},"end":{"line":16,"column":null}},"7":{"start":{"line":14,"column":20},"end":{"line":14,"column":24}},"8":{"start":{"line":20,"column":2},"end":{"line":20,"column":null}},"9":{"start":{"line":24,"column":2},"end":{"line":24,"column":null}},"10":{"start":{"line":27,"column":2},"end":{"line":27,"column":null}},"11":{"start":{"line":26,"column":17},"end":{"line":26,"column":25}},"12":{"start":{"line":30,"column":2},"end":{"line":30,"column":null}},"13":{"start":{"line":29,"column":19},"end":{"line":29,"column":23}},"14":{"start":{"line":7,"column":13},"end":{"line":31,"column":null}},"15":{"start":{"line":7,"column":13},"end":{"line":7,"column":18}}},"fnMap":{"0":{"name":"(anonymous_2)","decl":{"start":{"line":14,"column":14},"end":{"line":14,"column":17}},"loc":{"start":{"line":14,"column":20},"end":{"line":14,"column":24}}},"1":{"name":"(anonymous_3)","decl":{"start":{"line":26,"column":11},"end":{"line":26,"column":14}},"loc":{"start":{"line":26,"column":17},"end":{"line":26,"column":25}}},"2":{"name":"(anonymous_4)","decl":{"start":{"line":29,"column":13},"end":{"line":29,"column":16}},"loc":{"start":{"line":29,"column":19},"end":{"line":29,"column":23}}}},"branchMap":{},"s":{"0":7,"1":7,"2":7,"3":7,"4":7,"5":7,"6":7,"7":0,"8":7,"9":7,"10":7,"11":0,"12":7,"13":0,"14":7,"15":7},"f":{"0":0,"1":0,"2":0},"b":{}}
,"/home/manish/projects/node/crownStackTest/src/utility/db/models/product.model.ts": {"path":"/home/manish/projects/node/crownStackTest/src/utility/db/models/product.model.ts","statementMap":{"0":{"start":{"line":1,"column":0},"end":{"line":1,"column":104}},"1":{"start":{"line":4,"column":0},"end":{"line":26,"column":null}},"2":{"start":{"line":9,"column":2},"end":{"line":9,"column":null}},"3":{"start":{"line":12,"column":2},"end":{"line":12,"column":null}},"4":{"start":{"line":15,"column":2},"end":{"line":15,"column":null}},"5":{"start":{"line":18,"column":2},"end":{"line":18,"column":null}},"6":{"start":{"line":21,"column":2},"end":{"line":21,"column":null}},"7":{"start":{"line":25,"column":2},"end":{"line":25,"column":null}},"8":{"start":{"line":4,"column":13},"end":{"line":26,"column":null}},"9":{"start":{"line":4,"column":13},"end":{"line":4,"column":20}}},"fnMap":{},"branchMap":{},"s":{"0":9,"1":9,"2":9,"3":9,"4":9,"5":9,"6":9,"7":9,"8":9,"9":9},"f":{},"b":{}}
,"/home/manish/projects/node/crownStackTest/src/utility/db/models/role.model.ts": {"path":"/home/manish/projects/node/crownStackTest/src/utility/db/models/role.model.ts","statementMap":{"0":{"start":{"line":1,"column":0},"end":{"line":1,"column":110}},"1":{"start":{"line":2,"column":0},"end":{"line":2,"column":36}},"2":{"start":{"line":3,"column":0},"end":{"line":3,"column":44}},"3":{"start":{"line":6,"column":0},"end":{"line":19,"column":null}},"4":{"start":{"line":11,"column":2},"end":{"line":11,"column":null}},"5":{"start":{"line":14,"column":2},"end":{"line":14,"column":null}},"6":{"start":{"line":17,"column":2},"end":{"line":17,"column":null}},"7":{"start":{"line":16,"column":23},"end":{"line":16,"column":27}},"8":{"start":{"line":16,"column":35},"end":{"line":16,"column":43}},"9":{"start":{"line":6,"column":13},"end":{"line":19,"column":null}},"10":{"start":{"line":6,"column":13},"end":{"line":6,"column":17}}},"fnMap":{"0":{"name":"(anonymous_2)","decl":{"start":{"line":16,"column":17},"end":{"line":16,"column":20}},"loc":{"start":{"line":16,"column":23},"end":{"line":16,"column":27}}},"1":{"name":"(anonymous_3)","decl":{"start":{"line":16,"column":29},"end":{"line":16,"column":32}},"loc":{"start":{"line":16,"column":35},"end":{"line":16,"column":43}}}},"branchMap":{},"s":{"0":7,"1":7,"2":7,"3":7,"4":7,"5":7,"6":7,"7":0,"8":0,"9":7,"10":7},"f":{"0":0,"1":0},"b":{}}
,"/home/manish/projects/node/crownStackTest/src/utility/db/models/roleUser.model.ts": {"path":"/home/manish/projects/node/crownStackTest/src/utility/db/models/roleUser.model.ts","statementMap":{"0":{"start":{"line":1,"column":0},"end":{"line":1,"column":81}},"1":{"start":{"line":2,"column":0},"end":{"line":2,"column":36}},"2":{"start":{"line":3,"column":0},"end":{"line":3,"column":36}},"3":{"start":{"line":6,"column":0},"end":{"line":16,"column":null}},"4":{"start":{"line":10,"column":4},"end":{"line":10,"column":null}},"5":{"start":{"line":8,"column":22},"end":{"line":8,"column":26}},"6":{"start":{"line":14,"column":4},"end":{"line":14,"column":null}},"7":{"start":{"line":12,"column":22},"end":{"line":12,"column":26}},"8":{"start":{"line":6,"column":13},"end":{"line":16,"column":null}},"9":{"start":{"line":6,"column":13},"end":{"line":6,"column":21}}},"fnMap":{"0":{"name":"(anonymous_2)","decl":{"start":{"line":8,"column":16},"end":{"line":8,"column":19}},"loc":{"start":{"line":8,"column":22},"end":{"line":8,"column":26}}},"1":{"name":"(anonymous_3)","decl":{"start":{"line":12,"column":16},"end":{"line":12,"column":19}},"loc":{"start":{"line":12,"column":22},"end":{"line":12,"column":26}}}},"branchMap":{},"s":{"0":7,"1":7,"2":7,"3":7,"4":7,"5":0,"6":7,"7":0,"8":7,"9":7},"f":{"0":0,"1":0},"b":{}}
,"/home/manish/projects/node/crownStackTest/src/utility/db/models/user.model.ts": {"path":"/home/manish/projects/node/crownStackTest/src/utility/db/models/user.model.ts","statementMap":{"0":{"start":{"line":1,"column":0},"end":{"line":1,"column":173}},"1":{"start":{"line":2,"column":0},"end":{"line":2,"column":36}},"2":{"start":{"line":3,"column":0},"end":{"line":3,"column":44}},"3":{"start":{"line":4,"column":0},"end":{"line":4,"column":38}},"4":{"start":{"line":7,"column":0},"end":{"line":42,"column":null}},"5":{"start":{"line":38,"column":21},"end":{"line":38,"column":68}},"6":{"start":{"line":39,"column":4},"end":{"line":39,"column":70}},"7":{"start":{"line":12,"column":2},"end":{"line":12,"column":null}},"8":{"start":{"line":15,"column":2},"end":{"line":15,"column":null}},"9":{"start":{"line":20,"column":2},"end":{"line":20,"column":null}},"10":{"start":{"line":24,"column":2},"end":{"line":24,"column":null}},"11":{"start":{"line":28,"column":2},"end":{"line":28,"column":null}},"12":{"start":{"line":31,"column":2},"end":{"line":31,"column":null}},"13":{"start":{"line":30,"column":23},"end":{"line":30,"column":27}},"14":{"start":{"line":30,"column":35},"end":{"line":30,"column":43}},"15":{"start":{"line":34,"column":2},"end":{"line":34,"column":null}},"16":{"start":{"line":33,"column":17},"end":{"line":33,"column":22}},"17":{"start":{"line":37,"column":2},"end":{"line":41,"column":null}},"18":{"start":{"line":7,"column":13},"end":{"line":42,"column":null}},"19":{"start":{"line":7,"column":13},"end":{"line":7,"column":17}}},"fnMap":{"0":{"name":"(anonymous_9)","decl":{"start":{"line":37,"column":2},"end":{"line":37,"column":8}},"loc":{"start":{"line":37,"column":40},"end":{"line":41,"column":null}}},"1":{"name":"(anonymous_11)","decl":{"start":{"line":30,"column":17},"end":{"line":30,"column":20}},"loc":{"start":{"line":30,"column":23},"end":{"line":30,"column":27}}},"2":{"name":"(anonymous_12)","decl":{"start":{"line":30,"column":29},"end":{"line":30,"column":32}},"loc":{"start":{"line":30,"column":35},"end":{"line":30,"column":43}}},"3":{"name":"(anonymous_13)","decl":{"start":{"line":33,"column":11},"end":{"line":33,"column":14}},"loc":{"start":{"line":33,"column":17},"end":{"line":33,"column":22}}}},"branchMap":{},"s":{"0":7,"1":7,"2":7,"3":7,"4":7,"5":1,"6":1,"7":7,"8":7,"9":7,"10":7,"11":7,"12":7,"13":0,"14":0,"15":7,"16":0,"17":7,"18":7,"19":7},"f":{"0":1,"1":0,"2":0,"3":0},"b":{}}
,"/home/manish/projects/node/crownStackTest/src/utility/helpers/BootstrapDb.helper.ts": {"path":"/home/manish/projects/node/crownStackTest/src/utility/helpers/BootstrapDb.helper.ts","statementMap":{"0":{"start":{"line":1,"column":0},"end":{"line":1,"column":47}},"1":{"start":{"line":2,"column":0},"end":{"line":2,"column":33}},"2":{"start":{"line":3,"column":0},"end":{"line":3,"column":47}},"3":{"start":{"line":4,"column":0},"end":{"line":4,"column":55}},"4":{"start":{"line":6,"column":0},"end":{"line":6,"column":28}},"5":{"start":{"line":14,"column":8},"end":{"line":16,"column":null}},"6":{"start":{"line":14,"column":21},"end":{"line":14,"column":22}},"7":{"start":{"line":15,"column":12},"end":{"line":15,"column":83}},"8":{"start":{"line":21,"column":30},"end":{"line":21,"column":89}},"9":{"start":{"line":22,"column":8},"end":{"line":25,"column":null}},"10":{"start":{"line":23,"column":12},"end":{"line":23,"column":65}},"11":{"start":{"line":24,"column":12},"end":{"line":24,"column":19}},"12":{"start":{"line":26,"column":21},"end":{"line":26,"column":70}},"13":{"start":{"line":27,"column":26},"end":{"line":27,"column":122}},"14":{"start":{"line":28,"column":21},"end":{"line":28,"column":69}},"15":{"start":{"line":29,"column":8},"end":{"line":29,"column":null}},"16":{"start":{"line":8,"column":0},"end":{"line":8,"column":13}},"17":{"start":{"line":10,"column":11},"end":{"line":10,"column":22}}},"fnMap":{"0":{"name":"(anonymous_9)","decl":{"start":{"line":12,"column":4},"end":{"line":12,"column":10}},"loc":{"start":{"line":12,"column":27},"end":{"line":17,"column":null}}},"1":{"name":"(anonymous_11)","decl":{"start":{"line":19,"column":4},"end":{"line":19,"column":10}},"loc":{"start":{"line":19,"column":28},"end":{"line":30,"column":null}}}},"branchMap":{"0":{"loc":{"start":{"line":22,"column":8},"end":{"line":25,"column":null}},"type":"if","locations":[{"start":{"line":22,"column":8},"end":{"line":25,"column":null}},{"start":{"line":22,"column":8},"end":{"line":25,"column":null}}]}},"s":{"0":6,"1":6,"2":6,"3":6,"4":6,"5":1,"6":1,"7":2,"8":2,"9":2,"10":1,"11":1,"12":1,"13":1,"14":1,"15":1,"16":6,"17":6},"f":{"0":1,"1":2},"b":{"0":[1,1]}}
,"/home/manish/projects/node/crownStackTest/src/utility/helpers/jwt.helper.ts": {"path":"/home/manish/projects/node/crownStackTest/src/utility/helpers/jwt.helper.ts","statementMap":{"0":{"start":{"line":1,"column":0},"end":{"line":1,"column":36}},"1":{"start":{"line":2,"column":0},"end":{"line":2,"column":33}},"2":{"start":{"line":7,"column":8},"end":{"line":12,"column":10}},"3":{"start":{"line":16,"column":8},"end":{"line":27,"column":null}},"4":{"start":{"line":17,"column":12},"end":{"line":26,"column":null}},"5":{"start":{"line":18,"column":16},"end":{"line":23,"column":19}},"6":{"start":{"line":18,"column":95},"end":{"line":23,"column":18}},"7":{"start":{"line":19,"column":20},"end":{"line":21,"column":null}},"8":{"start":{"line":20,"column":24},"end":{"line":20,"column":62}},"9":{"start":{"line":22,"column":20},"end":{"line":22,"column":42}},"10":{"start":{"line":25,"column":16},"end":{"line":25,"column":58}},"11":{"start":{"line":4,"column":0},"end":{"line":4,"column":13}}},"fnMap":{"0":{"name":"(anonymous_8)","decl":{"start":{"line":6,"column":11},"end":{"line":6,"column":17}},"loc":{"start":{"line":6,"column":37},"end":{"line":13,"column":5}}},"1":{"name":"(anonymous_9)","decl":{"start":{"line":15,"column":11},"end":{"line":15,"column":17}},"loc":{"start":{"line":15,"column":43},"end":{"line":28,"column":5}}},"2":{"name":"(anonymous_10)","decl":{"start":{"line":16,"column":27},"end":{"line":16,"column":28}},"loc":{"start":{"line":16,"column":47},"end":{"line":27,"column":9}}},"3":{"name":"(anonymous_11)","decl":{"start":{"line":18,"column":62},"end":{"line":18,"column":69}},"loc":{"start":{"line":18,"column":95},"end":{"line":23,"column":18}}},"4":{"name":"(anonymous_12)","decl":{"start":{"line":18,"column":95},"end":{"line":18,"column":null}},"loc":{"start":{"line":18,"column":95},"end":{"line":23,"column":17}}}},"branchMap":{"0":{"loc":{"start":{"line":17,"column":12},"end":{"line":26,"column":null}},"type":"if","locations":[{"start":{"line":17,"column":12},"end":{"line":26,"column":null}},{"start":{"line":17,"column":12},"end":{"line":26,"column":null}}]},"1":{"loc":{"start":{"line":19,"column":20},"end":{"line":21,"column":null}},"type":"if","locations":[{"start":{"line":19,"column":20},"end":{"line":21,"column":null}},{"start":{"line":19,"column":20},"end":{"line":21,"column":null}}]}},"s":{"0":3,"1":3,"2":4,"3":3,"4":3,"5":2,"6":2,"7":2,"8":1,"9":1,"10":1,"11":3},"f":{"0":4,"1":3,"2":3,"3":2,"4":2},"b":{"0":[2,1],"1":[1,1]}}
,"/home/manish/projects/node/crownStackTest/src/utility/system/Environment.ts": {"path":"/home/manish/projects/node/crownStackTest/src/utility/system/Environment.ts","statementMap":{"0":{"start":{"line":1,"column":31},"end":{"line":1,"column":65}},"1":{"start":{"line":3,"column":20},"end":{"line":14,"column":2}},"2":{"start":{"line":16,"column":9},"end":{"line":16,"column":20}}},"fnMap":{},"branchMap":{"0":{"loc":{"start":{"line":4,"column":10},"end":{"line":4,"column":34}},"type":"binary-expr","locations":[{"start":{"line":4,"column":10},"end":{"line":4,"column":34}},{"start":{"line":4,"column":38},"end":{"line":4,"column":42}}]},"1":{"loc":{"start":{"line":7,"column":13},"end":{"line":7,"column":34}},"type":"binary-expr","locations":[{"start":{"line":7,"column":13},"end":{"line":7,"column":34}},{"start":{"line":7,"column":38},"end":{"line":7,"column":48}}]},"2":{"loc":{"start":{"line":8,"column":12},"end":{"line":8,"column":32}},"type":"binary-expr","locations":[{"start":{"line":8,"column":12},"end":{"line":8,"column":32}},{"start":{"line":8,"column":36},"end":{"line":8,"column":46}}]},"3":{"loc":{"start":{"line":9,"column":13},"end":{"line":9,"column":32}},"type":"binary-expr","locations":[{"start":{"line":9,"column":13},"end":{"line":9,"column":32}},{"start":{"line":9,"column":36},"end":{"line":9,"column":52}}]},"4":{"loc":{"start":{"line":11,"column":16},"end":{"line":11,"column":38}},"type":"binary-expr","locations":[{"start":{"line":11,"column":16},"end":{"line":11,"column":38}},{"start":{"line":11,"column":42},"end":{"line":11,"column":84}}]}},"s":{"0":7,"1":7,"2":7},"f":{},"b":{"0":[7,7],"1":[7,7],"2":[7,7],"3":[7,7],"4":[7,7]}}
,"/home/manish/projects/node/crownStackTest/src/utility/system/index.ts": {"path":"/home/manish/projects/node/crownStackTest/src/utility/system/index.ts","statementMap":{"0":{"start":{"line":1,"column":0},"end":{"line":1,"column":30}}},"fnMap":{},"branchMap":{},"s":{"0":7},"f":{},"b":{}}
}
