TN:
SF:/home/manish/projects/node/crownStackTest/src/resources/Order/Order.handler.ts
FN:11,(anonymous_8)
FN:18,(anonymous_10)
FN:31,(anonymous_11)
FN:46,(anonymous_12)
FN:58,(anonymous_14)
FN:87,(anonymous_16)
FNF:6
FNH:6
FNDA:6,(anonymous_8)
FNDA:2,(anonymous_10)
FNDA:5,(anonymous_11)
FNDA:3,(anonymous_12)
FNDA:3,(anonymous_14)
FNDA:5,(anonymous_16)
DA:1,4
DA:2,4
DA:3,4
DA:4,4
DA:5,4
DA:6,4
DA:9,4
DA:12,6
DA:13,6
DA:17,6
DA:18,2
DA:20,5
DA:21,5
DA:22,5
DA:23,1
DA:25,4
DA:26,4
DA:27,1
DA:28,1
DA:29,1
DA:31,5
DA:32,3
DA:37,4
DA:38,4
DA:40,4
DA:42,2
DA:47,3
DA:48,3
DA:49,2
DA:50,1
DA:52,1
DA:54,1
DA:59,3
DA:60,3
DA:61,3
DA:81,2
DA:83,1
DA:88,5
DA:89,5
DA:90,5
DA:91,5
DA:92,1
DA:93,1
DA:99,1
DA:100,4
DA:101,3
DA:102,3
DA:103,3
DA:112,4
DA:121,2
LF:50
LH:50
BRDA:17,0,0,1
BRDA:17,0,1,5
BRDA:22,1,0,1
BRDA:22,1,1,4
BRDA:26,2,0,1
BRDA:26,2,1,3
BRDA:32,3,0,2
BRDA:32,3,1,1
BRDA:49,4,0,1
BRDA:49,4,1,1
BRDA:91,5,0,1
BRDA:91,5,1,4
BRDA:100,6,0,3
BRDA:100,6,1,1
BRF:14
BRH:14
end_of_record
TN:
SF:/home/manish/projects/node/crownStackTest/src/resources/Order/Order.validator.ts
FN:3,(anonymous_1)
FNF:1
FNH:1
FNDA:4,(anonymous_1)
DA:1,4
DA:4,4
DA:5,4
DA:6,4
DA:7,4
DA:9,4
DA:20,4
LF:7
LH:7
BRF:0
BRH:0
end_of_record
TN:
SF:/home/manish/projects/node/crownStackTest/src/resources/Order/OrderStatus.enum.ts
FN:1,(anonymous_0)
FNF:1
FNH:1
FNDA:9,(anonymous_0)
DA:1,9
DA:2,9
DA:3,9
DA:4,9
DA:5,9
LF:5
LH:5
BRDA:1,0,0,9
BRDA:1,0,1,9
BRF:2
BRH:2
end_of_record
TN:
SF:/home/manish/projects/node/crownStackTest/src/resources/Product/Product.handler.ts
FN:7,(anonymous_8)
FN:12,(anonymous_10)
FN:25,(anonymous_11)
FNF:3
FNH:3
FNDA:3,(anonymous_8)
FNDA:3,(anonymous_10)
FNDA:3,(anonymous_11)
DA:1,2
DA:2,2
DA:3,2
DA:5,2
DA:8,3
DA:9,3
DA:11,3
DA:12,3
DA:14,2
DA:16,2
DA:18,1
DA:20,2
DA:26,3
DA:27,3
DA:28,3
DA:33,2
DA:34,2
DA:36,1
LF:18
LH:18
BRDA:11,0,0,1
BRDA:11,0,1,2
BRDA:25,1,0,1
BRDA:25,2,0,1
BRF:4
BRH:4
end_of_record
TN:
SF:/home/manish/projects/node/crownStackTest/src/resources/Product/Product.validator.ts
FN:3,(anonymous_1)
FNF:1
FNH:1
FNDA:2,(anonymous_1)
DA:1,2
DA:4,2
DA:5,2
DA:7,2
DA:29,2
LF:5
LH:5
BRF:0
BRH:0
end_of_record
TN:
SF:/home/manish/projects/node/crownStackTest/src/resources/User/User.handler.ts
FN:11,(anonymous_8)
FN:15,(anonymous_10)
FN:43,(anonymous_11)
FN:48,(anonymous_13)
FNF:4
FNH:4
FNDA:7,(anonymous_8)
FNDA:3,(anonymous_10)
FNDA:6,(anonymous_11)
FNDA:2,(anonymous_13)
DA:1,2
DA:2,2
DA:3,2
DA:4,2
DA:5,2
DA:6,2
DA:9,2
DA:12,7
DA:13,7
DA:14,7
DA:15,3
DA:17,4
DA:18,4
DA:20,3
DA:21,1
DA:25,2
DA:29,2
DA:37,1
DA:39,6
DA:44,6
DA:45,6
DA:47,6
DA:48,2
DA:50,4
DA:51,4
DA:60,3
DA:61,1
DA:63,2
DA:65,2
DA:66,1
DA:68,1
DA:69,1
DA:71,5
LF:33
LH:33
BRDA:14,0,0,3
BRDA:14,0,1,4
BRDA:20,1,0,1
BRDA:20,1,1,2
BRDA:47,2,0,2
BRDA:47,2,1,4
BRDA:60,3,0,1
BRDA:60,3,1,2
BRDA:65,4,0,1
BRDA:65,4,1,1
BRF:10
BRH:10
end_of_record
TN:
SF:/home/manish/projects/node/crownStackTest/src/resources/User/User.validator.ts
FN:3,(anonymous_1)
FNF:1
FNH:1
FNDA:2,(anonymous_1)
DA:1,2
DA:4,2
DA:5,2
DA:6,2
DA:7,2
DA:9,2
DA:17,2
DA:23,2
LF:8
LH:8
BRF:0
BRH:0
end_of_record
TN:
SF:/home/manish/projects/node/crownStackTest/src/utility/db/BaseModel.ts
FNF:0
FNH:0
DA:1,8
DA:4,8
DA:6,8
DA:11,8
DA:15,8
LF:5
LH:5
BRF:0
BRH:0
end_of_record
TN:
SF:/home/manish/projects/node/crownStackTest/src/utility/db/SequlizeConnection.ts
FN:18,(anonymous_8)
FN:43,(anonymous_9)
FN:43,(anonymous_10)
FNF:3
FNH:1
FNDA:1,(anonymous_8)
FNDA:0,(anonymous_9)
FNDA:0,(anonymous_10)
DA:1,6
DA:2,6
DA:3,6
DA:4,6
DA:5,6
DA:6,6
DA:7,6
DA:8,6
DA:9,6
DA:11,6
DA:13,6
DA:14,6
DA:15,6
DA:16,6
DA:19,1
DA:43,1
DA:44,0
DA:45,0
DA:46,0
LF:19
LH:16
BRF:0
BRH:0
end_of_record
TN:
SF:/home/manish/projects/node/crownStackTest/src/utility/db/index.ts
FNF:0
FNH:0
DA:1,8
LF:1
LH:1
BRF:0
BRH:0
end_of_record
TN:
SF:/home/manish/projects/node/crownStackTest/src/utility/db/models/lineItem.model.ts
FN:13,(anonymous_2)
FN:17,(anonymous_3)
FN:27,(anonymous_4)
FN:30,(anonymous_5)
FNF:4
FNH:4
FNDA:5,(anonymous_2)
FNDA:2,(anonymous_3)
FNDA:2,(anonymous_4)
FNDA:2,(anonymous_5)
DA:1,9
DA:2,9
DA:3,9
DA:6,9
DA:11,9
DA:13,5
DA:15,9
DA:17,2
DA:19,9
DA:22,9
DA:25,9
DA:27,2
DA:28,9
DA:30,2
DA:31,9
LF:15
LH:15
BRF:0
BRH:0
end_of_record
TN:
SF:/home/manish/projects/node/crownStackTest/src/utility/db/models/order.model.ts
FN:14,(anonymous_2)
FN:26,(anonymous_3)
FN:29,(anonymous_4)
FNF:3
FNH:3
FNDA:2,(anonymous_2)
FNDA:2,(anonymous_3)
FNDA:2,(anonymous_4)
DA:1,9
DA:2,9
DA:3,9
DA:4,9
DA:7,9
DA:12,9
DA:14,2
DA:16,9
DA:20,9
DA:24,9
DA:26,2
DA:27,9
DA:29,2
DA:30,9
LF:14
LH:14
BRF:0
BRH:0
end_of_record
TN:
SF:/home/manish/projects/node/crownStackTest/src/utility/db/models/product.model.ts
FNF:0
FNH:0
DA:1,11
DA:4,11
DA:9,11
DA:12,11
DA:15,11
DA:18,11
DA:21,11
DA:25,11
LF:8
LH:8
BRF:0
BRH:0
end_of_record
TN:
SF:/home/manish/projects/node/crownStackTest/src/utility/db/models/role.model.ts
FN:16,(anonymous_2)
FN:16,(anonymous_3)
FNF:2
FNH:2
FNDA:2,(anonymous_2)
FNDA:1,(anonymous_3)
DA:1,9
DA:2,9
DA:3,9
DA:6,9
DA:11,9
DA:14,9
DA:16,2
DA:17,9
LF:8
LH:8
BRF:0
BRH:0
end_of_record
TN:
SF:/home/manish/projects/node/crownStackTest/src/utility/db/models/roleUser.model.ts
FN:8,(anonymous_2)
FN:12,(anonymous_3)
FNF:2
FNH:2
FNDA:6,(anonymous_2)
FNDA:2,(anonymous_3)
DA:1,9
DA:2,9
DA:3,9
DA:6,9
DA:8,6
DA:10,9
DA:12,2
DA:14,9
LF:8
LH:8
BRF:0
BRH:0
end_of_record
TN:
SF:/home/manish/projects/node/crownStackTest/src/utility/db/models/user.model.ts
FN:37,(anonymous_9)
FN:30,(anonymous_11)
FN:30,(anonymous_12)
FN:33,(anonymous_13)
FNF:4
FNH:4
FNDA:1,(anonymous_9)
FNDA:2,(anonymous_11)
FNDA:1,(anonymous_12)
FNDA:2,(anonymous_13)
DA:1,9
DA:2,9
DA:3,9
DA:4,9
DA:7,9
DA:12,9
DA:15,9
DA:20,9
DA:24,9
DA:28,9
DA:30,2
DA:31,9
DA:33,2
DA:34,9
DA:37,9
DA:38,1
DA:39,1
LF:17
LH:17
BRF:0
BRH:0
end_of_record
TN:
SF:/home/manish/projects/node/crownStackTest/src/utility/helpers/BootstrapDb.helper.ts
FN:12,(anonymous_9)
FN:19,(anonymous_11)
FNF:2
FNH:2
FNDA:1,(anonymous_9)
FNDA:2,(anonymous_11)
DA:1,7
DA:2,7
DA:3,7
DA:4,7
DA:6,7
DA:8,7
DA:10,7
DA:14,1
DA:15,2
DA:21,2
DA:22,2
DA:23,1
DA:24,1
DA:26,1
DA:27,1
DA:28,1
DA:29,1
LF:17
LH:17
BRDA:22,0,0,1
BRDA:22,0,1,1
BRF:2
BRH:2
end_of_record
TN:
SF:/home/manish/projects/node/crownStackTest/src/utility/helpers/jwt.helper.ts
FN:6,(anonymous_8)
FN:15,(anonymous_9)
FN:16,(anonymous_10)
FN:18,(anonymous_11)
FN:18,(anonymous_12)
FNF:5
FNH:5
FNDA:4,(anonymous_8)
FNDA:3,(anonymous_9)
FNDA:3,(anonymous_10)
FNDA:2,(anonymous_11)
FNDA:2,(anonymous_12)
DA:1,3
DA:2,3
DA:4,3
DA:7,4
DA:16,3
DA:17,3
DA:18,2
DA:19,2
DA:20,1
DA:22,1
DA:25,1
LF:11
LH:11
BRDA:17,0,0,2
BRDA:17,0,1,1
BRDA:19,1,0,1
BRDA:19,1,1,1
BRF:4
BRH:4
end_of_record
TN:
SF:/home/manish/projects/node/crownStackTest/src/utility/system/Environment.ts
FNF:0
FNH:0
DA:1,8
DA:3,8
DA:16,8
LF:3
LH:3
BRDA:4,0,0,8
BRDA:4,0,1,8
BRDA:7,1,0,8
BRDA:7,1,1,8
BRDA:8,2,0,8
BRDA:8,2,1,8
BRDA:9,3,0,8
BRDA:9,3,1,8
BRDA:11,4,0,8
BRDA:11,4,1,8
BRF:10
BRH:10
end_of_record
TN:
SF:/home/manish/projects/node/crownStackTest/src/utility/system/index.ts
FNF:0
FNH:0
DA:1,8
LF:1
LH:1
BRF:0
BRH:0
end_of_record
