TN:
SF:/home/manish/projects/node/crownStackTest/src/resources/Order/Order.handler.ts
FN:11,(anonymous_8)
FN:18,(anonymous_10)
FN:26,(anonymous_11)
FN:69,(anonymous_12)
FN:81,(anonymous_14)
FNF:5
FNH:5
FNDA:5,(anonymous_8)
FNDA:2,(anonymous_10)
FNDA:5,(anonymous_11)
FNDA:3,(anonymous_12)
FNDA:3,(anonymous_14)
DA:1,3
DA:2,3
DA:3,3
DA:4,3
DA:5,3
DA:6,3
DA:9,3
DA:12,5
DA:13,5
DA:17,5
DA:18,2
DA:20,4
DA:21,4
DA:22,4
DA:23,1
DA:24,1
DA:26,5
DA:27,3
DA:31,4
DA:33,2
DA:41,2
DA:42,2
DA:44,2
DA:53,2
DA:63,4
DA:65,1
DA:70,3
DA:71,3
DA:72,2
DA:73,1
DA:75,1
DA:77,1
DA:82,3
DA:83,3
DA:84,3
DA:101,2
DA:103,1
LF:37
LH:37
BRDA:17,0,0,1
BRDA:17,0,1,4
BRDA:22,1,0,1
BRDA:22,1,1,3
BRDA:27,2,0,2
BRDA:27,2,1,1
BRDA:31,3,0,2
BRDA:31,3,1,2
BRDA:72,4,0,1
BRDA:72,4,1,1
BRF:10
BRH:10
end_of_record
TN:
SF:/home/manish/projects/node/crownStackTest/src/resources/Order/Order.validator.ts
FN:3,(anonymous_1)
FNF:1
FNH:1
FNDA:3,(anonymous_1)
DA:1,3
DA:4,3
DA:5,3
DA:6,3
DA:7,3
DA:9,3
DA:20,3
LF:7
LH:7
BRF:0
BRH:0
end_of_record
TN:
SF:/home/manish/projects/node/crownStackTest/src/resources/Order/OrderStatus.enum.ts
FN:1,(anonymous_0)
FNF:1
FNH:1
FNDA:7,(anonymous_0)
DA:1,7
DA:2,7
DA:3,7
DA:4,7
DA:5,7
LF:5
LH:5
BRDA:1,0,0,7
BRDA:1,0,1,7
BRF:2
BRH:2
end_of_record
TN:
SF:/home/manish/projects/node/crownStackTest/src/resources/Product/Product.handler.ts
FN:7,(anonymous_8)
FN:12,(anonymous_10)
FN:25,(anonymous_11)
FNF:3
FNH:3
FNDA:2,(anonymous_8)
FNDA:3,(anonymous_10)
FNDA:4,(anonymous_11)
DA:1,2
DA:2,2
DA:3,2
DA:5,2
DA:8,2
DA:9,2
DA:11,2
DA:12,3
DA:14,1
DA:16,1
DA:18,1
DA:20,1
DA:26,4
DA:27,4
DA:28,4
DA:32,3
DA:33,2
DA:35,2
LF:18
LH:18
BRDA:11,0,0,1
BRDA:11,0,1,1
BRDA:25,1,0,1
BRDA:25,2,0,1
BRF:4
BRH:4
end_of_record
TN:
SF:/home/manish/projects/node/crownStackTest/src/resources/Product/Product.validator.ts
FN:3,(anonymous_1)
FNF:1
FNH:1
FNDA:2,(anonymous_1)
DA:1,2
DA:4,2
DA:5,2
DA:7,2
DA:26,2
LF:5
LH:5
BRF:0
BRH:0
end_of_record
TN:
SF:/home/manish/projects/node/crownStackTest/src/resources/User/User.handler.ts
FN:12,(anonymous_8)
FN:16,(anonymous_10)
FN:44,(anonymous_11)
FN:49,(anonymous_13)
FNF:4
FNH:4
FNDA:5,(anonymous_8)
FNDA:3,(anonymous_10)
FNDA:5,(anonymous_11)
FNDA:2,(anonymous_13)
DA:1,2
DA:2,2
DA:3,2
DA:4,2
DA:5,2
DA:7,2
DA:10,2
DA:13,5
DA:14,5
DA:15,5
DA:16,3
DA:18,2
DA:19,2
DA:21,2
DA:22,1
DA:26,1
DA:30,1
DA:38,1
DA:40,4
DA:45,5
DA:46,5
DA:48,5
DA:49,2
DA:51,3
DA:52,3
DA:61,3
DA:62,1
DA:64,2
DA:66,2
DA:67,1
DA:69,1
DA:70,1
DA:72,4
LF:33
LH:33
BRDA:15,0,0,3
BRDA:15,0,1,2
BRDA:21,1,0,1
BRDA:21,1,1,1
BRDA:48,2,0,2
BRDA:48,2,1,3
BRDA:61,3,0,1
BRDA:61,3,1,2
BRDA:66,4,0,1
BRDA:66,4,1,1
BRF:10
BRH:10
end_of_record
TN:
SF:/home/manish/projects/node/crownStackTest/src/resources/User/User.validator.ts
FN:3,(anonymous_1)
FNF:1
FNH:1
FNDA:2,(anonymous_1)
DA:1,2
DA:4,2
DA:5,2
DA:6,2
DA:7,2
DA:9,2
DA:17,2
DA:23,2
LF:8
LH:8
BRF:0
BRH:0
end_of_record
TN:
SF:/home/manish/projects/node/crownStackTest/src/utility/db/BaseModel.ts
FNF:0
FNH:0
DA:1,7
DA:4,7
DA:6,7
DA:11,7
DA:15,7
LF:5
LH:5
BRF:0
BRH:0
end_of_record
TN:
SF:/home/manish/projects/node/crownStackTest/src/utility/db/ErrorHandlers.ts
FN:1,(anonymous_0)
FN:21,errorResponse
FN:27,handleError
FN:50,argumentValidationError
FNF:4
FNH:1
FNDA:7,(anonymous_0)
FNDA:0,errorResponse
FNDA:0,handleError
FNDA:0,argumentValidationError
DA:1,7
DA:2,7
DA:3,7
DA:4,7
DA:5,7
DA:6,7
DA:7,7
DA:8,7
DA:9,7
DA:22,0
DA:23,0
DA:24,0
DA:27,7
DA:28,0
DA:29,0
DA:31,0
DA:33,0
DA:35,0
DA:37,0
DA:39,0
DA:41,0
DA:43,0
DA:46,0
DA:47,0
DA:50,7
DA:51,0
DA:52,0
DA:53,0
LF:28
LH:11
BRDA:1,0,0,7
BRDA:1,0,1,7
BRDA:21,1,0,0
BRDA:21,2,0,0
BRDA:28,3,0,0
BRDA:28,3,1,0
BRDA:28,4,0,0
BRDA:28,4,1,0
BRDA:30,5,0,0
BRDA:30,5,1,0
BRDA:30,5,2,0
BRDA:30,5,3,0
BRDA:30,5,4,0
BRDA:30,5,5,0
BRDA:30,5,6,0
BRF:15
BRH:2
end_of_record
TN:
SF:/home/manish/projects/node/crownStackTest/src/utility/db/SequlizeConnection.ts
FN:18,(anonymous_8)
FN:43,(anonymous_9)
FN:43,(anonymous_10)
FNF:3
FNH:0
FNDA:0,(anonymous_8)
FNDA:0,(anonymous_9)
FNDA:0,(anonymous_10)
DA:1,5
DA:2,5
DA:3,5
DA:4,5
DA:5,5
DA:6,5
DA:7,5
DA:8,5
DA:9,5
DA:11,5
DA:13,5
DA:14,5
DA:15,5
DA:16,5
DA:19,0
DA:43,0
DA:44,0
DA:45,0
DA:46,0
LF:19
LH:14
BRF:0
BRH:0
end_of_record
TN:
SF:/home/manish/projects/node/crownStackTest/src/utility/db/index.ts
FNF:0
FNH:0
DA:1,7
DA:2,7
LF:2
LH:2
BRF:0
BRH:0
end_of_record
TN:
SF:/home/manish/projects/node/crownStackTest/src/utility/db/models/lineItem.model.ts
FN:34,(anonymous_9)
FN:43,(anonymous_11)
FN:59,(anonymous_13)
FN:13,(anonymous_15)
FN:17,(anonymous_16)
FN:27,(anonymous_17)
FN:30,(anonymous_18)
FNF:7
FNH:0
FNDA:0,(anonymous_9)
FNDA:0,(anonymous_11)
FNDA:0,(anonymous_13)
FNDA:0,(anonymous_15)
FNDA:0,(anonymous_16)
FNDA:0,(anonymous_17)
FNDA:0,(anonymous_18)
DA:1,7
DA:2,7
DA:3,7
DA:6,7
DA:11,7
DA:13,0
DA:15,7
DA:17,0
DA:19,7
DA:22,7
DA:25,7
DA:27,0
DA:28,7
DA:30,0
DA:31,7
DA:34,7
DA:35,0
DA:36,0
DA:37,0
DA:39,0
DA:43,7
DA:44,0
DA:45,0
DA:46,0
DA:48,0
DA:60,0
DA:61,0
DA:62,0
DA:64,0
LF:29
LH:13
BRDA:36,0,0,0
BRDA:36,0,1,0
BRDA:45,1,0,0
BRDA:45,1,1,0
BRDA:61,2,0,0
BRDA:61,2,1,0
BRF:6
BRH:0
end_of_record
TN:
SF:/home/manish/projects/node/crownStackTest/src/utility/db/models/order.model.ts
FN:14,(anonymous_2)
FN:26,(anonymous_3)
FN:29,(anonymous_4)
FNF:3
FNH:0
FNDA:0,(anonymous_2)
FNDA:0,(anonymous_3)
FNDA:0,(anonymous_4)
DA:1,7
DA:2,7
DA:3,7
DA:4,7
DA:7,7
DA:12,7
DA:14,0
DA:16,7
DA:20,7
DA:24,7
DA:26,0
DA:27,7
DA:29,0
DA:30,7
LF:14
LH:11
BRF:0
BRH:0
end_of_record
TN:
SF:/home/manish/projects/node/crownStackTest/src/utility/db/models/product.model.ts
FNF:0
FNH:0
DA:1,9
DA:4,9
DA:9,9
DA:12,9
DA:15,9
DA:18,9
DA:21,9
DA:25,9
LF:8
LH:8
BRF:0
BRH:0
end_of_record
TN:
SF:/home/manish/projects/node/crownStackTest/src/utility/db/models/role.model.ts
FN:16,(anonymous_2)
FN:16,(anonymous_3)
FNF:2
FNH:0
FNDA:0,(anonymous_2)
FNDA:0,(anonymous_3)
DA:1,7
DA:2,7
DA:3,7
DA:6,7
DA:11,7
DA:14,7
DA:16,0
DA:17,7
LF:8
LH:7
BRF:0
BRH:0
end_of_record
TN:
SF:/home/manish/projects/node/crownStackTest/src/utility/db/models/roleUser.model.ts
FN:8,(anonymous_2)
FN:12,(anonymous_3)
FNF:2
FNH:0
FNDA:0,(anonymous_2)
FNDA:0,(anonymous_3)
DA:1,7
DA:2,7
DA:3,7
DA:6,7
DA:8,0
DA:10,7
DA:12,0
DA:14,7
LF:8
LH:6
BRF:0
BRH:0
end_of_record
TN:
SF:/home/manish/projects/node/crownStackTest/src/utility/db/models/user.model.ts
FN:37,(anonymous_9)
FN:30,(anonymous_11)
FN:30,(anonymous_12)
FN:33,(anonymous_13)
FNF:4
FNH:1
FNDA:1,(anonymous_9)
FNDA:0,(anonymous_11)
FNDA:0,(anonymous_12)
FNDA:0,(anonymous_13)
DA:1,7
DA:2,7
DA:3,7
DA:4,7
DA:7,7
DA:12,7
DA:15,7
DA:20,7
DA:24,7
DA:28,7
DA:30,0
DA:31,7
DA:33,0
DA:34,7
DA:37,7
DA:38,1
DA:39,1
LF:17
LH:15
BRF:0
BRH:0
end_of_record
TN:
SF:/home/manish/projects/node/crownStackTest/src/utility/helpers/BootstrapDb.helper.ts
FN:12,(anonymous_9)
FN:19,(anonymous_11)
FNF:2
FNH:2
FNDA:1,(anonymous_9)
FNDA:2,(anonymous_11)
DA:1,6
DA:2,6
DA:3,6
DA:4,6
DA:6,6
DA:8,6
DA:10,6
DA:14,1
DA:15,2
DA:21,2
DA:22,2
DA:23,1
DA:24,1
DA:26,1
DA:27,1
DA:28,1
DA:29,1
LF:17
LH:17
BRDA:22,0,0,1
BRDA:22,0,1,1
BRF:2
BRH:2
end_of_record
TN:
SF:/home/manish/projects/node/crownStackTest/src/utility/helpers/jwt.helper.ts
FN:6,(anonymous_8)
FN:15,(anonymous_9)
FN:16,(anonymous_10)
FN:18,(anonymous_11)
FN:18,(anonymous_12)
FNF:5
FNH:5
FNDA:4,(anonymous_8)
FNDA:3,(anonymous_9)
FNDA:3,(anonymous_10)
FNDA:2,(anonymous_11)
FNDA:2,(anonymous_12)
DA:1,3
DA:2,3
DA:4,3
DA:7,4
DA:16,3
DA:17,3
DA:18,2
DA:19,2
DA:20,1
DA:22,1
DA:25,1
LF:11
LH:11
BRDA:17,0,0,2
BRDA:17,0,1,1
BRDA:19,1,0,1
BRDA:19,1,1,1
BRF:4
BRH:4
end_of_record
TN:
SF:/home/manish/projects/node/crownStackTest/src/utility/system/Environment.ts
FNF:0
FNH:0
DA:1,7
DA:3,7
DA:16,7
LF:3
LH:3
BRDA:4,0,0,7
BRDA:4,0,1,7
BRDA:7,1,0,7
BRDA:7,1,1,7
BRDA:8,2,0,7
BRDA:8,2,1,7
BRDA:9,3,0,7
BRDA:9,3,1,7
BRDA:11,4,0,7
BRDA:11,4,1,7
BRF:10
BRH:10
end_of_record
TN:
SF:/home/manish/projects/node/crownStackTest/src/utility/system/index.ts
FNF:0
FNH:0
DA:1,7
LF:1
LH:1
BRF:0
BRH:0
end_of_record
